{"/home/travis/build/npmtest/node-npmtest-socketstream/test.js":{"path":"/home/travis/build/npmtest/node-npmtest-socketstream/test.js","s":{"1":2,"2":2,"3":2,"4":2,"5":2,"6":2,"7":2,"8":1,"9":2,"10":2,"11":1,"12":1,"13":1,"14":1,"15":2,"16":2,"17":2,"18":2,"19":1,"20":1,"21":2,"22":2,"23":2,"24":1,"25":1,"26":1,"27":1,"28":1,"29":1,"30":1,"31":1,"32":1,"33":1,"34":1,"35":1,"36":1,"37":1,"38":1,"39":2,"40":2,"41":1,"42":2,"43":2,"44":1,"45":2,"46":2,"47":1,"48":2,"49":2,"50":1,"51":1,"52":1,"53":1,"54":1},"b":{"1":[2,1,1,1],"2":[1,1,1,1],"3":[1,1],"4":[1,1],"5":[1,1],"6":[1,1],"7":[1,1],"8":[1,1],"9":[1,1],"10":[1,1,1],"11":[1,1],"12":[1,1],"13":[1,1],"14":[1,1],"15":[1,1],"16":[1,1],"17":[1,1]},"f":{"1":2,"2":2,"3":2,"4":2,"5":2,"6":1,"7":1,"8":1,"9":2,"10":2,"11":2,"12":2,"13":1},"fnMap":{"1":{"name":"(anonymous_1)","line":12,"loc":{"start":{"line":12,"column":1},"end":{"line":12,"column":13}}},"2":{"name":"(anonymous_2)","line":19,"loc":{"start":{"line":19,"column":5},"end":{"line":19,"column":17}}},"3":{"name":"(anonymous_3)","line":23,"loc":{"start":{"line":23,"column":24},"end":{"line":23,"column":36}}},"4":{"name":"(anonymous_4)","line":61,"loc":{"start":{"line":61,"column":5},"end":{"line":61,"column":17}}},"5":{"name":"(anonymous_5)","line":82,"loc":{"start":{"line":82,"column":5},"end":{"line":82,"column":17}}},"6":{"name":"(anonymous_6)","line":91,"loc":{"start":{"line":91,"column":77},"end":{"line":94,"column":10}}},"7":{"name":"(anonymous_7)","line":112,"loc":{"start":{"line":112,"column":83},"end":{"line":115,"column":10}},"skip":true},"8":{"name":"(anonymous_8)","line":123,"loc":{"start":{"line":123,"column":77},"end":{"line":126,"column":10}},"skip":true},"9":{"name":"(anonymous_9)","line":139,"loc":{"start":{"line":139,"column":12},"end":{"line":139,"column":40}},"skip":true},"10":{"name":"(anonymous_10)","line":147,"loc":{"start":{"line":147,"column":77},"end":{"line":150,"column":10}},"skip":true},"11":{"name":"(anonymous_11)","line":158,"loc":{"start":{"line":158,"column":83},"end":{"line":161,"column":10}},"skip":true},"12":{"name":"(anonymous_12)","line":169,"loc":{"start":{"line":169,"column":79},"end":{"line":172,"column":10}},"skip":true},"13":{"name":"(anonymous_13)","line":180,"loc":{"start":{"line":180,"column":75},"end":{"line":183,"column":10}},"skip":true}},"statementMap":{"1":{"start":{"line":12,"column":0},"end":{"line":195,"column":5}},"2":{"start":{"line":14,"column":4},"end":{"line":14,"column":14}},"3":{"start":{"line":19,"column":4},"end":{"line":56,"column":9}},"4":{"start":{"line":21,"column":8},"end":{"line":21,"column":19}},"5":{"start":{"line":23,"column":8},"end":{"line":35,"column":13}},"6":{"start":{"line":24,"column":12},"end":{"line":34,"column":13}},"7":{"start":{"line":25,"column":16},"end":{"line":28,"column":30}},"8":{"start":{"line":30,"column":16},"end":{"line":33,"column":27}},"9":{"start":{"line":37,"column":8},"end":{"line":39,"column":21}},"10":{"start":{"line":40,"column":8},"end":{"line":53,"column":9}},"11":{"start":{"line":43,"column":12},"end":{"line":46,"column":14}},"12":{"start":{"line":47,"column":12},"end":{"line":47,"column":18}},"13":{"start":{"line":50,"column":12},"end":{"line":51,"column":33}},"14":{"start":{"line":52,"column":12},"end":{"line":52,"column":18}},"15":{"start":{"line":55,"column":8},"end":{"line":55,"column":35}},"16":{"start":{"line":61,"column":4},"end":{"line":63,"column":9}},"17":{"start":{"line":62,"column":8},"end":{"line":62,"column":15}},"18":{"start":{"line":64,"column":4},"end":{"line":77,"column":5}},"19":{"start":{"line":70,"column":8},"end":{"line":70,"column":14}},"20":{"start":{"line":76,"column":8},"end":{"line":76,"column":14}},"21":{"start":{"line":82,"column":4},"end":{"line":84,"column":9}},"22":{"start":{"line":83,"column":8},"end":{"line":83,"column":15}},"23":{"start":{"line":85,"column":4},"end":{"line":194,"column":5}},"24":{"start":{"line":91,"column":8},"end":{"line":99,"column":10}},"25":{"start":{"line":98,"column":12},"end":{"line":98,"column":35}},"26":{"start":{"line":102,"column":8},"end":{"line":104,"column":63}},"27":{"start":{"line":105,"column":8},"end":{"line":105,"column":14}},"28":{"start":{"line":112,"column":8},"end":{"line":121,"column":10},"skip":true},"29":{"start":{"line":119,"column":12},"end":{"line":119,"column":55},"skip":true},"30":{"start":{"line":120,"column":12},"end":{"line":120,"column":48},"skip":true},"31":{"start":{"line":123,"column":8},"end":{"line":136,"column":10},"skip":true},"32":{"start":{"line":130,"column":12},"end":{"line":130,"column":76},"skip":true},"33":{"start":{"line":131,"column":12},"end":{"line":131,"column":73},"skip":true},"34":{"start":{"line":132,"column":12},"end":{"line":132,"column":74},"skip":true},"35":{"start":{"line":133,"column":12},"end":{"line":133,"column":79},"skip":true},"36":{"start":{"line":134,"column":12},"end":{"line":134,"column":25},"skip":true},"37":{"start":{"line":135,"column":12},"end":{"line":135,"column":45},"skip":true},"38":{"start":{"line":138,"column":8},"end":{"line":145,"column":14},"skip":true},"39":{"start":{"line":143,"column":16},"end":{"line":143,"column":29},"skip":true},"40":{"start":{"line":144,"column":16},"end":{"line":144,"column":55},"skip":true},"41":{"start":{"line":147,"column":8},"end":{"line":156,"column":10},"skip":true},"42":{"start":{"line":154,"column":12},"end":{"line":154,"column":25},"skip":true},"43":{"start":{"line":155,"column":12},"end":{"line":155,"column":45},"skip":true},"44":{"start":{"line":158,"column":8},"end":{"line":167,"column":10},"skip":true},"45":{"start":{"line":165,"column":12},"end":{"line":165,"column":25},"skip":true},"46":{"start":{"line":166,"column":12},"end":{"line":166,"column":48},"skip":true},"47":{"start":{"line":169,"column":8},"end":{"line":178,"column":10},"skip":true},"48":{"start":{"line":176,"column":12},"end":{"line":176,"column":25},"skip":true},"49":{"start":{"line":177,"column":12},"end":{"line":177,"column":46},"skip":true},"50":{"start":{"line":180,"column":8},"end":{"line":189,"column":10},"skip":true},"51":{"start":{"line":187,"column":12},"end":{"line":187,"column":94},"skip":true},"52":{"start":{"line":188,"column":12},"end":{"line":188,"column":48},"skip":true},"53":{"start":{"line":192,"column":8},"end":{"line":192,"column":35},"skip":true},"54":{"start":{"line":193,"column":8},"end":{"line":193,"column":14},"skip":true}},"branchMap":{"1":{"line":25,"type":"binary-expr","locations":[{"start":{"line":25,"column":23},"end":{"line":25,"column":62}},{"start":{"line":26,"column":20},"end":{"line":26,"column":70}},{"start":{"line":27,"column":20},"end":{"line":27,"column":71}},{"start":{"line":28,"column":20},"end":{"line":28,"column":29}}]},"2":{"line":30,"type":"binary-expr","locations":[{"start":{"line":30,"column":23},"end":{"line":30,"column":37}},{"start":{"line":31,"column":20},"end":{"line":31,"column":61}},{"start":{"line":32,"column":20},"end":{"line":32,"column":70}},{"start":{"line":33,"column":20},"end":{"line":33,"column":26}}]},"3":{"line":37,"type":"cond-expr","locations":[{"start":{"line":38,"column":14},"end":{"line":38,"column":20}},{"start":{"line":39,"column":14},"end":{"line":39,"column":20}}]},"4":{"line":40,"type":"switch","locations":[{"start":{"line":42,"column":8},"end":{"line":47,"column":18}},{"start":{"line":49,"column":8},"end":{"line":52,"column":18}}]},"5":{"line":44,"type":"binary-expr","locations":[{"start":{"line":44,"column":16},"end":{"line":44,"column":44}},{"start":{"line":44,"column":48},"end":{"line":44,"column":66}}]},"6":{"line":50,"type":"binary-expr","locations":[{"start":{"line":50,"column":21},"end":{"line":50,"column":49}},{"start":{"line":50,"column":53},"end":{"line":50,"column":72}}]},"7":{"line":64,"type":"switch","locations":[{"start":{"line":69,"column":4},"end":{"line":70,"column":14}},{"start":{"line":75,"column":4},"end":{"line":76,"column":14}}]},"8":{"line":85,"type":"switch","locations":[{"start":{"line":90,"column":4},"end":{"line":105,"column":14}},{"start":{"line":111,"column":4},"end":{"line":193,"column":14},"skip":true}]},"9":{"line":91,"type":"binary-expr","locations":[{"start":{"line":91,"column":42},"end":{"line":91,"column":73}},{"start":{"line":91,"column":77},"end":{"line":99,"column":9}}]},"10":{"line":102,"type":"binary-expr","locations":[{"start":{"line":102,"column":18},"end":{"line":102,"column":32}},{"start":{"line":103,"column":12},"end":{"line":103,"column":53}},{"start":{"line":104,"column":12},"end":{"line":104,"column":61}}]},"11":{"line":112,"type":"binary-expr","locations":[{"start":{"line":112,"column":45},"end":{"line":112,"column":79},"skip":true},{"start":{"line":112,"column":83},"end":{"line":121,"column":9},"skip":true}]},"12":{"line":123,"type":"binary-expr","locations":[{"start":{"line":123,"column":42},"end":{"line":123,"column":73},"skip":true},{"start":{"line":123,"column":77},"end":{"line":136,"column":9},"skip":true}]},"13":{"line":138,"type":"binary-expr","locations":[{"start":{"line":138,"column":48},"end":{"line":138,"column":85},"skip":true},{"start":{"line":139,"column":12},"end":{"line":145,"column":13},"skip":true}]},"14":{"line":147,"type":"binary-expr","locations":[{"start":{"line":147,"column":42},"end":{"line":147,"column":73},"skip":true},{"start":{"line":147,"column":77},"end":{"line":156,"column":9},"skip":true}]},"15":{"line":158,"type":"binary-expr","locations":[{"start":{"line":158,"column":45},"end":{"line":158,"column":79},"skip":true},{"start":{"line":158,"column":83},"end":{"line":167,"column":9},"skip":true}]},"16":{"line":169,"type":"binary-expr","locations":[{"start":{"line":169,"column":43},"end":{"line":169,"column":75},"skip":true},{"start":{"line":169,"column":79},"end":{"line":178,"column":9},"skip":true}]},"17":{"line":180,"type":"binary-expr","locations":[{"start":{"line":180,"column":41},"end":{"line":180,"column":71},"skip":true},{"start":{"line":180,"column":75},"end":{"line":189,"column":9},"skip":true}]}},"code":["/* istanbul instrument in package npmtest_socketstream */","/*jslint","    bitwise: true,","    browser: true,","    maxerr: 8,","    maxlen: 96,","    node: true,","    nomen: true,","    regexp: true,","    stupid: true","*/","(function () {","    'use strict';","    var local;","","","","    // run shared js-env code - init-before","    (function () {","        // init local","        local = {};","        // init modeJs","        local.modeJs = (function () {","            try {","                return typeof navigator.userAgent === 'string' &&","                    typeof document.querySelector('body') === 'object' &&","                    typeof XMLHttpRequest.prototype.open === 'function' &&","                    'browser';","            } catch (errorCaughtBrowser) {","                return module.exports &&","                    typeof process.versions.node === 'string' &&","                    typeof require('http').createServer === 'function' &&","                    'node';","            }","        }());","        // init global","        local.global = local.modeJs === 'browser'","            ? window","            : global;","        switch (local.modeJs) {","        // re-init local from window.local","        case 'browser':","            local = local.global.utility2.objectSetDefault(","                local.global.utility2_rollup || local.global.local,","                local.global.utility2","            );","            break;","        // re-init local from example.js","        case 'node':","            local = (local.global.utility2_rollup || require('utility2'))","                .requireReadme();","            break;","        }","        // export local","        local.global.local = local;","    }());","","","","    // run shared js-env code - function","    (function () {","        return;","    }());","    switch (local.modeJs) {","","","","    // run browser js-env code - function","    case 'browser':","        break;","","","","    // run node js-env code - function","    case 'node':","        break;","    }","","","","    // run shared js-env code - init-after","    (function () {","        return;","    }());","    switch (local.modeJs) {","","","","    // run browser js-env code - init-after","    case 'browser':","        local.testCase_browser_nullCase = local.testCase_browser_nullCase || function (","            options,","            onError","        ) {","        /*","         * this function will test browsers's null-case handling-behavior-behavior","         */","            onError(null, options);","        };","","        // run tests","        local.nop(local.modeTest &&","            document.querySelector('#testRunButton1') &&","            document.querySelector('#testRunButton1').click());","        break;","","","","    // run node js-env code - init-after","    /* istanbul ignore next */","    case 'node':","        local.testCase_buildApidoc_default = local.testCase_buildApidoc_default || function (","            options,","            onError","        ) {","        /*","         * this function will test buildApidoc's default handling-behavior-behavior","         */","            options = { modulePathList: module.paths };","            local.buildApidoc(options, onError);","        };","","        local.testCase_buildApp_default = local.testCase_buildApp_default || function (","            options,","            onError","        ) {","        /*","         * this function will test buildApp's default handling-behavior-behavior","         */","            local.testCase_buildReadme_default(options, local.onErrorThrow);","            local.testCase_buildLib_default(options, local.onErrorThrow);","            local.testCase_buildTest_default(options, local.onErrorThrow);","            local.testCase_buildCustomOrg_default(options, local.onErrorThrow);","            options = [];","            local.buildApp(options, onError);","        };","","        local.testCase_buildCustomOrg_default = local.testCase_buildCustomOrg_default ||","            function (options, onError) {","            /*","             * this function will test buildCustomOrg's default handling-behavior","             */","                options = {};","                local.buildCustomOrg(options, onError);","            };","","        local.testCase_buildLib_default = local.testCase_buildLib_default || function (","            options,","            onError","        ) {","        /*","         * this function will test buildLib's default handling-behavior","         */","            options = {};","            local.buildLib(options, onError);","        };","","        local.testCase_buildReadme_default = local.testCase_buildReadme_default || function (","            options,","            onError","        ) {","        /*","         * this function will test buildReadme's default handling-behavior-behavior","         */","            options = {};","            local.buildReadme(options, onError);","        };","","        local.testCase_buildTest_default = local.testCase_buildTest_default || function (","            options,","            onError","        ) {","        /*","         * this function will test buildTest's default handling-behavior","         */","            options = {};","            local.buildTest(options, onError);","        };","","        local.testCase_webpage_default = local.testCase_webpage_default || function (","            options,","            onError","        ) {","        /*","         * this function will test webpage's default handling-behavior","         */","            options = { modeCoverageMerge: true, url: local.serverLocalHost + '?modeTest=1' };","            local.browserTest(options, onError);","        };","","        // run test-server","        local.testRunServer(local);","        break;","    }","}());",""],"l":{"12":2,"14":2,"19":2,"21":2,"23":2,"24":2,"25":2,"30":1,"37":2,"40":2,"43":1,"47":1,"50":1,"52":1,"55":2,"61":2,"62":2,"64":2,"70":1,"76":1,"82":2,"83":2,"85":2,"91":1,"98":1,"102":1,"105":1,"112":1,"119":1,"120":1,"123":1,"130":1,"131":1,"132":1,"133":1,"134":1,"135":1,"138":1,"143":2,"144":2,"147":1,"154":2,"155":2,"158":1,"165":2,"166":2,"169":1,"176":2,"177":2,"180":1,"187":1,"188":1,"192":1,"193":1}},"/home/travis/build/npmtest/node-npmtest-socketstream/lib.npmtest_socketstream.js":{"path":"/home/travis/build/npmtest/node-npmtest-socketstream/lib.npmtest_socketstream.js","s":{"1":2,"2":2,"3":2,"4":2,"5":2,"6":2,"7":2,"8":1,"9":2,"10":2,"11":2,"12":2,"13":1,"14":1,"15":1,"16":1},"b":{"1":[2,1,1,1],"2":[1,1,1,1],"3":[1,1],"4":[2,2],"5":[1,1]},"f":{"1":2,"2":2,"3":2},"fnMap":{"1":{"name":"(anonymous_1)","line":12,"loc":{"start":{"line":12,"column":1},"end":{"line":12,"column":13}}},"2":{"name":"(anonymous_2)","line":19,"loc":{"start":{"line":19,"column":5},"end":{"line":19,"column":17}}},"3":{"name":"(anonymous_3)","line":23,"loc":{"start":{"line":23,"column":24},"end":{"line":23,"column":36}}}},"statementMap":{"1":{"start":{"line":12,"column":0},"end":{"line":53,"column":5}},"2":{"start":{"line":14,"column":4},"end":{"line":14,"column":14}},"3":{"start":{"line":19,"column":4},"end":{"line":52,"column":9}},"4":{"start":{"line":21,"column":8},"end":{"line":21,"column":19}},"5":{"start":{"line":23,"column":8},"end":{"line":35,"column":13}},"6":{"start":{"line":24,"column":12},"end":{"line":34,"column":13}},"7":{"start":{"line":25,"column":16},"end":{"line":28,"column":30}},"8":{"start":{"line":30,"column":16},"end":{"line":33,"column":27}},"9":{"start":{"line":37,"column":8},"end":{"line":39,"column":21}},"10":{"start":{"line":41,"column":8},"end":{"line":41,"column":54}},"11":{"start":{"line":43,"column":8},"end":{"line":43,"column":57}},"12":{"start":{"line":45,"column":8},"end":{"line":51,"column":9}},"13":{"start":{"line":46,"column":12},"end":{"line":46,"column":63}},"14":{"start":{"line":48,"column":12},"end":{"line":48,"column":35}},"15":{"start":{"line":49,"column":12},"end":{"line":49,"column":49}},"16":{"start":{"line":50,"column":12},"end":{"line":50,"column":43}}},"branchMap":{"1":{"line":25,"type":"binary-expr","locations":[{"start":{"line":25,"column":23},"end":{"line":25,"column":62}},{"start":{"line":26,"column":20},"end":{"line":26,"column":70}},{"start":{"line":27,"column":20},"end":{"line":27,"column":71}},{"start":{"line":28,"column":20},"end":{"line":28,"column":29}}]},"2":{"line":30,"type":"binary-expr","locations":[{"start":{"line":30,"column":23},"end":{"line":30,"column":37}},{"start":{"line":31,"column":20},"end":{"line":31,"column":61}},{"start":{"line":32,"column":20},"end":{"line":32,"column":70}},{"start":{"line":33,"column":20},"end":{"line":33,"column":26}}]},"3":{"line":37,"type":"cond-expr","locations":[{"start":{"line":38,"column":14},"end":{"line":38,"column":20}},{"start":{"line":39,"column":14},"end":{"line":39,"column":20}}]},"4":{"line":41,"type":"binary-expr","locations":[{"start":{"line":41,"column":16},"end":{"line":41,"column":44}},{"start":{"line":41,"column":48},"end":{"line":41,"column":53}}]},"5":{"line":45,"type":"if","locations":[{"start":{"line":45,"column":8},"end":{"line":45,"column":8}},{"start":{"line":45,"column":8},"end":{"line":45,"column":8}}]}},"code":["/* istanbul instrument in package npmtest_socketstream */","/*jslint","    bitwise: true,","    browser: true,","    maxerr: 8,","    maxlen: 96,","    node: true,","    nomen: true,","    regexp: true,","    stupid: true","*/","(function () {","    'use strict';","    var local;","","","","    // run shared js-env code - init-before","    (function () {","        // init local","        local = {};","        // init modeJs","        local.modeJs = (function () {","            try {","                return typeof navigator.userAgent === 'string' &&","                    typeof document.querySelector('body') === 'object' &&","                    typeof XMLHttpRequest.prototype.open === 'function' &&","                    'browser';","            } catch (errorCaughtBrowser) {","                return module.exports &&","                    typeof process.versions.node === 'string' &&","                    typeof require('http').createServer === 'function' &&","                    'node';","            }","        }());","        // init global","        local.global = local.modeJs === 'browser'","            ? window","            : global;","        // init utility2_rollup","        local = local.global.utility2_rollup || local;","        // init lib","        local.local = local.npmtest_socketstream = local;","        // init exports","        if (local.modeJs === 'browser') {","            local.global.utility2_npmtest_socketstream = local;","        } else {","            module.exports = local;","            module.exports.__dirname = __dirname;","            module.exports.module = module;","        }","    }());","}());",""],"l":{"12":2,"14":2,"19":2,"21":2,"23":2,"24":2,"25":2,"30":1,"37":2,"41":2,"43":2,"45":2,"46":1,"48":1,"49":1,"50":1}},"/home/travis/build/npmtest/node-npmtest-socketstream/example.js":{"path":"/home/travis/build/npmtest/node-npmtest-socketstream/example.js","s":{"1":2,"2":2,"3":2,"4":2,"5":2,"6":2,"7":2,"8":1,"9":2,"10":2,"11":2,"12":2,"13":1,"14":2,"15":2,"16":2,"17":2,"18":2,"19":0,"20":2,"21":1,"22":1,"23":1,"24":1,"25":1,"26":0,"27":0,"28":1,"29":1,"30":2,"31":0,"32":0,"33":0,"34":1,"35":2,"36":2,"37":3,"38":3,"39":3,"40":3,"41":0,"42":3,"43":3,"44":3,"45":1,"46":3,"47":1,"48":1,"49":1,"50":1,"51":1,"52":1,"53":1,"54":1,"55":1,"56":1,"57":0,"58":1,"59":6,"60":6,"61":1,"62":2,"63":0,"64":2,"65":1,"66":1,"67":0,"68":0,"69":0,"70":0,"71":0,"72":0,"73":0,"74":0,"75":0,"76":0,"77":0,"78":0,"79":0,"80":0,"81":0,"82":0,"83":0},"b":{"1":[2,1,1,1],"2":[1,1,1,1],"3":[1,1],"4":[2,2],"5":[1,1],"6":[1,1],"7":[2,0],"8":[2,1,1,1,1,1],"9":[0,2,0],"10":[1,1],"11":[2,1,1],"12":[1,0],"13":[0,2],"14":[2,0,0,0,0,0,0],"15":[0,3],"16":[3,0],"17":[1,1],"18":[0,1],"19":[1,2,0,2],"20":[1,0],"21":[1,1],"22":[0,0],"23":[0,0],"24":[0,0],"25":[0,0],"26":[0,0],"27":[0,0],"28":[0,0]},"f":{"1":2,"2":2,"3":2,"4":2,"5":2,"6":2,"7":3,"8":3,"9":3,"10":1,"11":6,"12":0},"fnMap":{"1":{"name":"(anonymous_1)","line":26,"loc":{"start":{"line":26,"column":1},"end":{"line":26,"column":13}}},"2":{"name":"(anonymous_2)","line":33,"loc":{"start":{"line":33,"column":5},"end":{"line":33,"column":17}}},"3":{"name":"(anonymous_3)","line":37,"loc":{"start":{"line":37,"column":24},"end":{"line":37,"column":36}}},"4":{"name":"(anonymous_4)","line":69,"loc":{"start":{"line":69,"column":31},"end":{"line":69,"column":48}},"skip":true},"5":{"name":"(anonymous_5)","line":78,"loc":{"start":{"line":78,"column":26},"end":{"line":78,"column":45}},"skip":true},"6":{"name":"(anonymous_6)","line":123,"loc":{"start":{"line":123,"column":33},"end":{"line":123,"column":48}},"skip":true},"7":{"name":"(anonymous_7)","line":125,"loc":{"start":{"line":125,"column":27},"end":{"line":125,"column":39}},"skip":true},"8":{"name":"(anonymous_8)","line":133,"loc":{"start":{"line":133,"column":59},"end":{"line":133,"column":74}},"skip":true},"9":{"name":"(anonymous_9)","line":143,"loc":{"start":{"line":143,"column":45},"end":{"line":143,"column":62}},"skip":true},"10":{"name":"(anonymous_10)","line":144,"loc":{"start":{"line":144,"column":73},"end":{"line":144,"column":92}},"skip":true},"11":{"name":"(anonymous_11)","line":272,"loc":{"start":{"line":272,"column":51},"end":{"line":272,"column":77}},"skip":true},"12":{"name":"(anonymous_12)","line":315,"loc":{"start":{"line":315,"column":32},"end":{"line":315,"column":61}},"skip":true}},"statementMap":{"1":{"start":{"line":26,"column":0},"end":{"line":326,"column":5}},"2":{"start":{"line":28,"column":4},"end":{"line":28,"column":14}},"3":{"start":{"line":33,"column":4},"end":{"line":60,"column":9}},"4":{"start":{"line":35,"column":8},"end":{"line":35,"column":19}},"5":{"start":{"line":37,"column":8},"end":{"line":49,"column":13}},"6":{"start":{"line":38,"column":12},"end":{"line":48,"column":13}},"7":{"start":{"line":39,"column":16},"end":{"line":42,"column":30}},"8":{"start":{"line":44,"column":16},"end":{"line":47,"column":27}},"9":{"start":{"line":51,"column":8},"end":{"line":53,"column":21}},"10":{"start":{"line":55,"column":8},"end":{"line":57,"column":45}},"11":{"start":{"line":59,"column":8},"end":{"line":59,"column":35}},"12":{"start":{"line":61,"column":4},"end":{"line":325,"column":5}},"13":{"start":{"line":69,"column":8},"end":{"line":121,"column":10},"skip":true},"14":{"start":{"line":70,"column":12},"end":{"line":88,"column":13},"skip":true},"15":{"start":{"line":76,"column":16},"end":{"line":87,"column":19},"skip":true},"16":{"start":{"line":79,"column":20},"end":{"line":86,"column":21},"skip":true},"17":{"start":{"line":82,"column":24},"end":{"line":82,"column":43},"skip":true},"18":{"start":{"line":83,"column":24},"end":{"line":83,"column":30},"skip":true},"19":{"start":{"line":85,"column":24},"end":{"line":85,"column":49},"skip":true},"20":{"start":{"line":89,"column":12},"end":{"line":107,"column":13},"skip":true},"21":{"start":{"line":92,"column":16},"end":{"line":102,"column":17},"skip":true},"22":{"start":{"line":93,"column":20},"end":{"line":93,"column":86},"skip":true},"23":{"start":{"line":94,"column":20},"end":{"line":95,"column":45},"skip":true},"24":{"start":{"line":96,"column":20},"end":{"line":96,"column":42},"skip":true},"25":{"start":{"line":97,"column":20},"end":{"line":97,"column":48},"skip":true},"26":{"start":{"line":100,"column":20},"end":{"line":100,"column":85},"skip":true},"27":{"start":{"line":101,"column":20},"end":{"line":101,"column":96},"skip":true},"28":{"start":{"line":103,"column":16},"end":{"line":103,"column":22},"skip":true},"29":{"start":{"line":106,"column":16},"end":{"line":106,"column":22},"skip":true},"30":{"start":{"line":108,"column":12},"end":{"line":120,"column":13},"skip":true},"31":{"start":{"line":114,"column":16},"end":{"line":119,"column":17},"skip":true},"32":{"start":{"line":116,"column":20},"end":{"line":116,"column":78},"skip":true},"33":{"start":{"line":118,"column":20},"end":{"line":118,"column":47},"skip":true},"34":{"start":{"line":123,"column":8},"end":{"line":141,"column":11},"skip":true},"35":{"start":{"line":124,"column":12},"end":{"line":124,"column":54},"skip":true},"36":{"start":{"line":125,"column":12},"end":{"line":140,"column":14},"skip":true},"37":{"start":{"line":126,"column":16},"end":{"line":126,"column":28},"skip":true},"38":{"start":{"line":127,"column":16},"end":{"line":127,"column":69},"skip":true},"39":{"start":{"line":128,"column":16},"end":{"line":128,"column":75},"skip":true},"40":{"start":{"line":129,"column":16},"end":{"line":131,"column":17},"skip":true},"41":{"start":{"line":130,"column":20},"end":{"line":130,"column":27},"skip":true},"42":{"start":{"line":133,"column":16},"end":{"line":137,"column":36},"skip":true},"43":{"start":{"line":134,"column":20},"end":{"line":136,"column":55},"skip":true},"44":{"start":{"line":139,"column":16},"end":{"line":139,"column":57},"skip":true},"45":{"start":{"line":143,"column":8},"end":{"line":147,"column":11},"skip":true},"46":{"start":{"line":144,"column":12},"end":{"line":146,"column":15},"skip":true},"47":{"start":{"line":145,"column":16},"end":{"line":145,"column":70},"skip":true},"48":{"start":{"line":149,"column":8},"end":{"line":149,"column":31},"skip":true},"49":{"start":{"line":150,"column":8},"end":{"line":150,"column":14},"skip":true},"50":{"start":{"line":158,"column":8},"end":{"line":158,"column":31},"skip":true},"51":{"start":{"line":160,"column":8},"end":{"line":160,"column":33},"skip":true},"52":{"start":{"line":161,"column":8},"end":{"line":161,"column":37},"skip":true},"53":{"start":{"line":162,"column":8},"end":{"line":162,"column":35},"skip":true},"54":{"start":{"line":164,"column":8},"end":{"line":164,"column":50},"skip":true},"55":{"start":{"line":166,"column":8},"end":{"line":256,"column":2},"skip":true},"56":{"start":{"line":258,"column":8},"end":{"line":286,"column":9},"skip":true},"57":{"start":{"line":259,"column":12},"end":{"line":269,"column":14},"skip":true},"58":{"start":{"line":271,"column":12},"end":{"line":285,"column":19},"skip":true},"59":{"start":{"line":274,"column":20},"end":{"line":274,"column":35},"skip":true},"60":{"start":{"line":275,"column":20},"end":{"line":284,"column":21},"skip":true},"61":{"start":{"line":277,"column":24},"end":{"line":277,"column":64},"skip":true},"62":{"start":{"line":279,"column":24},"end":{"line":279,"column":40},"skip":true},"63":{"start":{"line":281,"column":24},"end":{"line":281,"column":40},"skip":true},"64":{"start":{"line":283,"column":24},"end":{"line":283,"column":39},"skip":true},"65":{"start":{"line":288,"column":8},"end":{"line":290,"column":9},"skip":true},"66":{"start":{"line":289,"column":12},"end":{"line":289,"column":18},"skip":true},"67":{"start":{"line":291,"column":8},"end":{"line":293,"column":54},"skip":true},"68":{"start":{"line":296,"column":8},"end":{"line":301,"column":37},"skip":true},"69":{"start":{"line":303,"column":8},"end":{"line":303,"column":82},"skip":true},"70":{"start":{"line":306,"column":8},"end":{"line":308,"column":9},"skip":true},"71":{"start":{"line":307,"column":12},"end":{"line":307,"column":82},"skip":true},"72":{"start":{"line":310,"column":8},"end":{"line":312,"column":9},"skip":true},"73":{"start":{"line":311,"column":12},"end":{"line":311,"column":18},"skip":true},"74":{"start":{"line":313,"column":8},"end":{"line":313,"column":54},"skip":true},"75":{"start":{"line":314,"column":8},"end":{"line":314,"column":69},"skip":true},"76":{"start":{"line":315,"column":8},"end":{"line":323,"column":36},"skip":true},"77":{"start":{"line":316,"column":12},"end":{"line":316,"column":61},"skip":true},"78":{"start":{"line":317,"column":12},"end":{"line":320,"column":13},"skip":true},"79":{"start":{"line":318,"column":16},"end":{"line":318,"column":75},"skip":true},"80":{"start":{"line":319,"column":16},"end":{"line":319,"column":23},"skip":true},"81":{"start":{"line":321,"column":12},"end":{"line":321,"column":38},"skip":true},"82":{"start":{"line":322,"column":12},"end":{"line":322,"column":27},"skip":true},"83":{"start":{"line":324,"column":8},"end":{"line":324,"column":14},"skip":true}},"branchMap":{"1":{"line":39,"type":"binary-expr","locations":[{"start":{"line":39,"column":23},"end":{"line":39,"column":62}},{"start":{"line":40,"column":20},"end":{"line":40,"column":70}},{"start":{"line":41,"column":20},"end":{"line":41,"column":71}},{"start":{"line":42,"column":20},"end":{"line":42,"column":29}}]},"2":{"line":44,"type":"binary-expr","locations":[{"start":{"line":44,"column":23},"end":{"line":44,"column":37}},{"start":{"line":45,"column":20},"end":{"line":45,"column":61}},{"start":{"line":46,"column":20},"end":{"line":46,"column":70}},{"start":{"line":47,"column":20},"end":{"line":47,"column":26}}]},"3":{"line":51,"type":"cond-expr","locations":[{"start":{"line":52,"column":14},"end":{"line":52,"column":20}},{"start":{"line":53,"column":14},"end":{"line":53,"column":20}}]},"4":{"line":55,"type":"binary-expr","locations":[{"start":{"line":55,"column":16},"end":{"line":55,"column":44}},{"start":{"line":55,"column":49},"end":{"line":57,"column":43}}]},"5":{"line":55,"type":"cond-expr","locations":[{"start":{"line":56,"column":14},"end":{"line":56,"column":56}},{"start":{"line":57,"column":14},"end":{"line":57,"column":43}}]},"6":{"line":61,"type":"switch","locations":[{"start":{"line":68,"column":4},"end":{"line":150,"column":14},"skip":true},{"start":{"line":156,"column":4},"end":{"line":324,"column":14},"skip":true}]},"7":{"line":70,"type":"if","locations":[{"start":{"line":70,"column":12},"end":{"line":70,"column":12},"skip":true},{"start":{"line":70,"column":12},"end":{"line":70,"column":12},"skip":true}]},"8":{"line":70,"type":"binary-expr","locations":[{"start":{"line":70,"column":16},"end":{"line":70,"column":22},"skip":true},{"start":{"line":70,"column":27},"end":{"line":70,"column":32},"skip":true},{"start":{"line":71,"column":20},"end":{"line":71,"column":39},"skip":true},{"start":{"line":72,"column":20},"end":{"line":72,"column":49},"skip":true},{"start":{"line":73,"column":20},"end":{"line":73,"column":58},"skip":true},{"start":{"line":74,"column":20},"end":{"line":74,"column":69},"skip":true}]},"9":{"line":79,"type":"switch","locations":[{"start":{"line":80,"column":20},"end":{"line":80,"column":33},"skip":true},{"start":{"line":81,"column":20},"end":{"line":83,"column":30},"skip":true},{"start":{"line":84,"column":20},"end":{"line":85,"column":49},"skip":true}]},"10":{"line":89,"type":"switch","locations":[{"start":{"line":90,"column":12},"end":{"line":103,"column":22},"skip":true},{"start":{"line":105,"column":12},"end":{"line":106,"column":22},"skip":true}]},"11":{"line":89,"type":"binary-expr","locations":[{"start":{"line":89,"column":20},"end":{"line":89,"column":25},"skip":true},{"start":{"line":89,"column":29},"end":{"line":89,"column":48},"skip":true},{"start":{"line":89,"column":52},"end":{"line":89,"column":74},"skip":true}]},"12":{"line":92,"type":"if","locations":[{"start":{"line":92,"column":16},"end":{"line":92,"column":16},"skip":true},{"start":{"line":92,"column":16},"end":{"line":92,"column":16},"skip":true}]},"13":{"line":108,"type":"if","locations":[{"start":{"line":108,"column":12},"end":{"line":108,"column":12},"skip":true},{"start":{"line":108,"column":12},"end":{"line":108,"column":12},"skip":true}]},"14":{"line":108,"type":"binary-expr","locations":[{"start":{"line":108,"column":16},"end":{"line":108,"column":61},"skip":true},{"start":{"line":108,"column":66},"end":{"line":108,"column":72},"skip":true},{"start":{"line":108,"column":77},"end":{"line":108,"column":82},"skip":true},{"start":{"line":109,"column":20},"end":{"line":109,"column":39},"skip":true},{"start":{"line":110,"column":20},"end":{"line":110,"column":49},"skip":true},{"start":{"line":111,"column":20},"end":{"line":111,"column":58},"skip":true},{"start":{"line":112,"column":20},"end":{"line":112,"column":68},"skip":true}]},"15":{"line":129,"type":"if","locations":[{"start":{"line":129,"column":16},"end":{"line":129,"column":16},"skip":true},{"start":{"line":129,"column":16},"end":{"line":129,"column":16},"skip":true}]},"16":{"line":134,"type":"cond-expr","locations":[{"start":{"line":135,"column":26},"end":{"line":135,"column":29},"skip":true},{"start":{"line":136,"column":26},"end":{"line":136,"column":54},"skip":true}]},"17":{"line":164,"type":"binary-expr","locations":[{"start":{"line":164,"column":27},"end":{"line":164,"column":43},"skip":true},{"start":{"line":164,"column":47},"end":{"line":164,"column":49},"skip":true}]},"18":{"line":258,"type":"if","locations":[{"start":{"line":258,"column":8},"end":{"line":258,"column":8},"skip":true},{"start":{"line":258,"column":8},"end":{"line":258,"column":8},"skip":true}]},"19":{"line":275,"type":"switch","locations":[{"start":{"line":276,"column":20},"end":{"line":277,"column":64},"skip":true},{"start":{"line":278,"column":20},"end":{"line":279,"column":40},"skip":true},{"start":{"line":280,"column":20},"end":{"line":281,"column":40},"skip":true},{"start":{"line":282,"column":20},"end":{"line":283,"column":39},"skip":true}]},"20":{"line":288,"type":"if","locations":[{"start":{"line":288,"column":8},"end":{"line":288,"column":8},"skip":true},{"start":{"line":288,"column":8},"end":{"line":288,"column":8},"skip":true}]},"21":{"line":288,"type":"binary-expr","locations":[{"start":{"line":288,"column":12},"end":{"line":288,"column":40},"skip":true},{"start":{"line":288,"column":44},"end":{"line":288,"column":67},"skip":true}]},"22":{"line":292,"type":"binary-expr","locations":[{"start":{"line":292,"column":12},"end":{"line":292,"column":50},"skip":true},{"start":{"line":293,"column":12},"end":{"line":293,"column":53},"skip":true}]},"23":{"line":297,"type":"binary-expr","locations":[{"start":{"line":297,"column":12},"end":{"line":297,"column":70},"skip":true},{"start":{"line":298,"column":12},"end":{"line":301,"column":36},"skip":true}]},"24":{"line":303,"type":"binary-expr","locations":[{"start":{"line":303,"column":43},"end":{"line":303,"column":75},"skip":true},{"start":{"line":303,"column":79},"end":{"line":303,"column":81},"skip":true}]},"25":{"line":306,"type":"if","locations":[{"start":{"line":306,"column":8},"end":{"line":306,"column":8},"skip":true},{"start":{"line":306,"column":8},"end":{"line":306,"column":8},"skip":true}]},"26":{"line":310,"type":"if","locations":[{"start":{"line":310,"column":8},"end":{"line":310,"column":8},"skip":true},{"start":{"line":310,"column":8},"end":{"line":310,"column":8},"skip":true}]},"27":{"line":313,"type":"binary-expr","locations":[{"start":{"line":313,"column":27},"end":{"line":313,"column":43},"skip":true},{"start":{"line":313,"column":47},"end":{"line":313,"column":53},"skip":true}]},"28":{"line":317,"type":"if","locations":[{"start":{"line":317,"column":12},"end":{"line":317,"column":12},"skip":true},{"start":{"line":317,"column":12},"end":{"line":317,"column":12},"skip":true}]}},"code":["/*","example.js","","quickstart example","","instruction","    1. save this script as example.js","    2. run the shell command:","        $ npm install npmtest-socketstream && PORT=8081 node example.js","    3. play with the browser-demo on http://127.0.0.1:8081","*/","","","","/* istanbul instrument in package npmtest_socketstream */","/*jslint","    bitwise: true,","    browser: true,","    maxerr: 8,","    maxlen: 96,","    node: true,","    nomen: true,","    regexp: true,","    stupid: true","*/","(function () {","    'use strict';","    var local;","","","","    // run shared js-env code - init-before","    (function () {","        // init local","        local = {};","        // init modeJs","        local.modeJs = (function () {","            try {","                return typeof navigator.userAgent === 'string' &&","                    typeof document.querySelector('body') === 'object' &&","                    typeof XMLHttpRequest.prototype.open === 'function' &&","                    'browser';","            } catch (errorCaughtBrowser) {","                return module.exports &&","                    typeof process.versions.node === 'string' &&","                    typeof require('http').createServer === 'function' &&","                    'node';","            }","        }());","        // init global","        local.global = local.modeJs === 'browser'","            ? window","            : global;","        // init utility2_rollup","        local = local.global.utility2_rollup || (local.modeJs === 'browser'","            ? local.global.utility2_npmtest_socketstream","            : global.utility2_moduleExports);","        // export local","        local.global.local = local;","    }());","    switch (local.modeJs) {","","","","    // init-after","    // run browser js-env code - init-after","    /* istanbul ignore next */","    case 'browser':","        local.testRunBrowser = function (event) {","            if (!event || (event &&","                    event.currentTarget &&","                    event.currentTarget.className &&","                    event.currentTarget.className.includes &&","                    event.currentTarget.className.includes('onreset'))) {","                // reset output","                Array.from(","                    document.querySelectorAll('body > .resettable')","                ).forEach(function (element) {","                    switch (element.tagName) {","                    case 'INPUT':","                    case 'TEXTAREA':","                        element.value = '';","                        break;","                    default:","                        element.textContent = '';","                    }","                });","            }","            switch (event && event.currentTarget && event.currentTarget.id) {","            case 'testRunButton1':","                // show tests","                if (document.querySelector('#testReportDiv1').style.display === 'none') {","                    document.querySelector('#testReportDiv1').style.display = 'block';","                    document.querySelector('#testRunButton1').textContent =","                        'hide internal test';","                    local.modeTest = true;","                    local.testRunDefault(local);","                // hide tests","                } else {","                    document.querySelector('#testReportDiv1').style.display = 'none';","                    document.querySelector('#testRunButton1').textContent = 'run internal test';","                }","                break;","            // custom-case","            default:","                break;","            }","            if (document.querySelector('#inputTextareaEval1') && (!event || (event &&","                    event.currentTarget &&","                    event.currentTarget.className &&","                    event.currentTarget.className.includes &&","                    event.currentTarget.className.includes('oneval')))) {","                // try to eval input-code","                try {","                    /*jslint evil: true*/","                    eval(document.querySelector('#inputTextareaEval1').value);","                } catch (errorCaught) {","                    console.error(errorCaught);","                }","            }","        };","        // log stderr and stdout to #outputTextareaStdout1","        ['error', 'log'].forEach(function (key) {","            console[key + '_original'] = console[key];","            console[key] = function () {","                var element;","                console[key + '_original'].apply(console, arguments);","                element = document.querySelector('#outputTextareaStdout1');","                if (!element) {","                    return;","                }","                // append text to #outputTextareaStdout1","                element.value += Array.from(arguments).map(function (arg) {","                    return typeof arg === 'string'","                        ? arg","                        : JSON.stringify(arg, null, 4);","                }).join(' ') + '\\n';","                // scroll textarea to bottom","                element.scrollTop = element.scrollHeight;","            };","        });","        // init event-handling","        ['change', 'click', 'keyup'].forEach(function (event) {","            Array.from(document.querySelectorAll('.on' + event)).forEach(function (element) {","                element.addEventListener(event, local.testRunBrowser);","            });","        });","        // run tests","        local.testRunBrowser();","        break;","","","","    // run node js-env code - init-after","    /* istanbul ignore next */","    case 'node':","        // export local","        module.exports = local;","        // require modules","        local.fs = require('fs');","        local.http = require('http');","        local.url = require('url');","        // init assets","        local.assetsDict = local.assetsDict || {};","        /* jslint-ignore-begin */","        local.assetsDict['/assets.index.template.html'] = '\\","<!doctype html>\\n\\","<html lang=\"en\">\\n\\","<head>\\n\\","<meta charset=\"UTF-8\">\\n\\","<meta name=\"viewport\" content=\"width=device-width, initial-scale=1\">\\n\\","<title>{{env.npm_package_name}} (v{{env.npm_package_version}})</title>\\n\\","<style>\\n\\","/*csslint\\n\\","    box-sizing: false,\\n\\","    universal-selector: false\\n\\","*/\\n\\","* {\\n\\","    box-sizing: border-box;\\n\\","}\\n\\","body {\\n\\","    background: #dde;\\n\\","    font-family: Arial, Helvetica, sans-serif;\\n\\","    margin: 2rem;\\n\\","}\\n\\","body > * {\\n\\","    margin-bottom: 1rem;\\n\\","}\\n\\",".utility2FooterDiv {\\n\\","    margin-top: 20px;\\n\\","    text-align: center;\\n\\","}\\n\\","</style>\\n\\","<style>\\n\\","/*csslint\\n\\","*/\\n\\","textarea {\\n\\","    font-family: monospace;\\n\\","    height: 10rem;\\n\\","    width: 100%;\\n\\","}\\n\\","textarea[readonly] {\\n\\","    background: #ddd;\\n\\","}\\n\\","</style>\\n\\","</head>\\n\\","<body>\\n\\","<!-- utility2-comment\\n\\","<div id=\"ajaxProgressDiv1\" style=\"background: #d00; height: 2px; left: 0; margin: 0; padding: 0; position: fixed; top: 0; transition: background 0.5s, width 1.5s; width: 25%;\"></div>\\n\\","utility2-comment -->\\n\\","<h1>\\n\\","<!-- utility2-comment\\n\\","    <a\\n\\","        {{#if env.npm_package_homepage}}\\n\\","        href=\"{{env.npm_package_homepage}}\"\\n\\","        {{/if env.npm_package_homepage}}\\n\\","        target=\"_blank\"\\n\\","    >\\n\\","utility2-comment -->\\n\\","        {{env.npm_package_name}} (v{{env.npm_package_version}})\\n\\","<!-- utility2-comment\\n\\","    </a>\\n\\","utility2-comment -->\\n\\","</h1>\\n\\","<h3>{{env.npm_package_description}}</h3>\\n\\","<!-- utility2-comment\\n\\","<h4><a download href=\"assets.app.js\">download standalone app</a></h4>\\n\\","<button class=\"onclick onreset\" id=\"testRunButton1\">run internal test</button><br>\\n\\","<div id=\"testReportDiv1\" style=\"display: none;\"></div>\\n\\","utility2-comment -->\\n\\","\\n\\","\\n\\","\\n\\","<label>stderr and stdout</label>\\n\\","<textarea class=\"resettable\" id=\"outputTextareaStdout1\" readonly></textarea>\\n\\","<!-- utility2-comment\\n\\","{{#if isRollup}}\\n\\","<script src=\"assets.app.js\"></script>\\n\\","{{#unless isRollup}}\\n\\","utility2-comment -->\\n\\","<script src=\"assets.utility2.rollup.js\"></script>\\n\\","<script src=\"jsonp.utility2._stateInit?callback=window.utility2._stateInit\"></script>\\n\\","<script src=\"assets.npmtest_socketstream.rollup.js\"></script>\\n\\","<script src=\"assets.example.js\"></script>\\n\\","<script src=\"assets.test.js\"></script>\\n\\","<!-- utility2-comment\\n\\","{{/if isRollup}}\\n\\","utility2-comment -->\\n\\","<div class=\"utility2FooterDiv\">\\n\\","    [ this app was created with\\n\\","    <a href=\"https://github.com/kaizhu256/node-utility2\" target=\"_blank\">utility2</a>\\n\\","    ]\\n\\","</div>\\n\\","</body>\\n\\","</html>\\n\\","';","        /* jslint-ignore-end */","        if (local.templateRender) {","            local.assetsDict['/'] = local.templateRender(","                local.assetsDict['/assets.index.template.html'],","                {","                    env: local.objectSetDefault(local.env, {","                        npm_package_description: 'the greatest app in the world!',","                        npm_package_name: 'my-app',","                        npm_package_nameAlias: 'my_app',","                        npm_package_version: '0.0.1'","                    })","                }","            );","        } else {","            local.assetsDict['/'] = local.assetsDict['/assets.index.template.html']","                .replace((/\\{\\{env\\.(\\w+?)\\}\\}/g), function (match0, match1) {","                    // jslint-hack","                    String(match0);","                    switch (match1) {","                    case 'npm_package_description':","                        return 'the greatest app in the world!';","                    case 'npm_package_name':","                        return 'my-app';","                    case 'npm_package_nameAlias':","                        return 'my_app';","                    case 'npm_package_version':","                        return '0.0.1';","                    }","                });","        }","        // run the cli","        if (local.global.utility2_rollup || module !== require.main) {","            break;","        }","        local.assetsDict['/assets.example.js'] =","            local.assetsDict['/assets.example.js'] ||","            local.fs.readFileSync(__filename, 'utf8');","        // bug-workaround - long $npm_package_buildCustomOrg","        /* jslint-ignore-begin */","        local.assetsDict['/assets.npmtest_socketstream.rollup.js'] =","            local.assetsDict['/assets.npmtest_socketstream.rollup.js'] ||","            local.fs.readFileSync(","                local.npmtest_socketstream.__dirname + '/lib.npmtest_socketstream.js',","                'utf8'","            ).replace((/^#!/), '//');","        /* jslint-ignore-end */","        local.assetsDict['/favicon.ico'] = local.assetsDict['/favicon.ico'] || '';","        // if $npm_config_timeout_exit exists,","        // then exit this process after $npm_config_timeout_exit ms","        if (Number(process.env.npm_config_timeout_exit)) {","            setTimeout(process.exit, Number(process.env.npm_config_timeout_exit));","        }","        // start server","        if (local.global.utility2_serverHttp1) {","            break;","        }","        process.env.PORT = process.env.PORT || '8081';","        console.error('server starting on port ' + process.env.PORT);","        local.http.createServer(function (request, response) {","            request.urlParsed = local.url.parse(request.url);","            if (local.assetsDict[request.urlParsed.pathname] !== undefined) {","                response.end(local.assetsDict[request.urlParsed.pathname]);","                return;","            }","            response.statusCode = 404;","            response.end();","        }).listen(process.env.PORT);","        break;","    }","}());",""],"l":{"26":2,"28":2,"33":2,"35":2,"37":2,"38":2,"39":2,"44":1,"51":2,"55":2,"59":2,"61":2,"69":1,"70":2,"76":2,"79":2,"82":2,"83":2,"85":1,"89":2,"92":1,"93":1,"94":1,"96":1,"97":1,"100":1,"101":1,"103":1,"106":1,"108":2,"114":1,"116":1,"118":1,"123":1,"124":2,"125":2,"126":3,"127":3,"128":3,"129":3,"130":1,"133":3,"134":3,"139":3,"143":1,"144":3,"145":1,"149":1,"150":1,"158":1,"160":1,"161":1,"162":1,"164":1,"166":1,"258":1,"259":1,"271":1,"274":6,"275":6,"277":1,"279":2,"281":1,"283":2,"288":1,"289":1,"291":1,"296":1,"303":1,"306":1,"307":1,"310":1,"311":1,"313":1,"314":1,"315":1,"316":1,"317":1,"318":1,"319":1,"321":1,"322":1,"324":1}},"/home/travis/build/npmtest/node-npmtest-socketstream/node_modules/socketstream/index.js":{"path":"/home/travis/build/npmtest/node-npmtest-socketstream/node_modules/socketstream/index.js","s":{"1":1},"b":{},"f":{},"fnMap":{},"statementMap":{"1":{"start":{"line":4,"column":0},"end":{"line":4,"column":50}}},"branchMap":{},"code":["// Initial entry point. Decides which directory of code to load","","// Load SocketStream core","module.exports = require('./lib/socketstream.js');"],"l":{"4":1}},"/home/travis/build/npmtest/node-npmtest-socketstream/node_modules/socketstream/lib/socketstream.js":{"path":"/home/travis/build/npmtest/node-npmtest-socketstream/node_modules/socketstream/lib/socketstream.js","s":{"1":1,"2":1,"3":1,"4":1,"5":1,"6":0,"7":1,"8":0,"9":0,"10":0,"11":0,"12":1,"13":1,"14":1,"15":1,"16":1,"17":1,"18":1,"19":1,"20":1,"21":1,"22":1,"23":1,"24":1,"25":1,"26":1,"27":1,"28":0,"29":1,"30":1,"31":0,"32":0,"33":0,"34":0,"35":0,"36":0,"37":0,"38":0,"39":0,"40":0,"41":0,"42":0,"43":0,"44":0,"45":0,"46":0,"47":0,"48":0,"49":1,"50":0,"51":0,"52":0,"53":0,"54":0,"55":0,"56":0,"57":1,"58":1,"59":0,"60":0,"61":0,"62":0,"63":0,"64":0,"65":0,"66":0,"67":0,"68":0,"69":1,"70":0,"71":0,"72":0,"73":0,"74":0,"75":0,"76":0,"77":0,"78":0,"79":0,"80":0},"b":{"1":[0,1],"2":[1,0,0],"3":[0,0],"4":[0,0],"5":[0,0],"6":[0,0],"7":[0,0],"8":[0,0],"9":[0,0],"10":[0,0],"11":[0,0],"12":[0,0],"13":[0,0],"14":[0,0],"15":[0,0]},"f":{"1":0,"2":0,"3":0,"4":0,"5":0,"6":0,"7":0},"fnMap":{"1":{"name":"(anonymous_1)","line":78,"loc":{"start":{"line":78,"column":7},"end":{"line":78,"column":26}}},"2":{"name":"(anonymous_2)","line":156,"loc":{"start":{"line":156,"column":16},"end":{"line":156,"column":27}}},"3":{"name":"load","line":164,"loc":{"start":{"line":164,"column":0},"end":{"line":164,"column":16}}},"4":{"name":"(anonymous_4)","line":169,"loc":{"start":{"line":169,"column":60},"end":{"line":169,"column":77}}},"5":{"name":"unload","line":207,"loc":{"start":{"line":207,"column":0},"end":{"line":207,"column":18}}},"6":{"name":"start","line":227,"loc":{"start":{"line":227,"column":0},"end":{"line":227,"column":17}}},"7":{"name":"(anonymous_7)","line":258,"loc":{"start":{"line":258,"column":14},"end":{"line":258,"column":35}}}},"statementMap":{"1":{"start":{"line":5,"column":0},"end":{"line":5,"column":18}},"2":{"start":{"line":7,"column":0},"end":{"line":8,"column":45}},"3":{"start":{"line":18,"column":0},"end":{"line":18,"column":82}},"4":{"start":{"line":21,"column":0},"end":{"line":21,"column":60}},"5":{"start":{"line":24,"column":0},"end":{"line":26,"column":1}},"6":{"start":{"line":25,"column":2},"end":{"line":25,"column":102}},"7":{"start":{"line":41,"column":0},"end":{"line":86,"column":2}},"8":{"start":{"line":79,"column":4},"end":{"line":84,"column":5}},"9":{"start":{"line":80,"column":6},"end":{"line":80,"column":120}},"10":{"start":{"line":82,"column":6},"end":{"line":82,"column":21}},"11":{"start":{"line":83,"column":6},"end":{"line":83,"column":18}},"12":{"start":{"line":91,"column":0},"end":{"line":91,"column":46}},"13":{"start":{"line":103,"column":0},"end":{"line":103,"column":50}},"14":{"start":{"line":106,"column":0},"end":{"line":106,"column":58}},"15":{"start":{"line":109,"column":0},"end":{"line":109,"column":55}},"16":{"start":{"line":112,"column":0},"end":{"line":112,"column":60}},"17":{"start":{"line":115,"column":0},"end":{"line":115,"column":62}},"18":{"start":{"line":116,"column":0},"end":{"line":116,"column":56}},"19":{"start":{"line":119,"column":0},"end":{"line":119,"column":68}},"20":{"start":{"line":122,"column":0},"end":{"line":122,"column":36}},"21":{"start":{"line":123,"column":0},"end":{"line":123,"column":36}},"22":{"start":{"line":134,"column":0},"end":{"line":134,"column":59}},"23":{"start":{"line":143,"column":0},"end":{"line":143,"column":16}},"24":{"start":{"line":146,"column":0},"end":{"line":146,"column":53}},"25":{"start":{"line":149,"column":0},"end":{"line":149,"column":56}},"26":{"start":{"line":152,"column":0},"end":{"line":152,"column":26}},"27":{"start":{"line":156,"column":0},"end":{"line":158,"column":2}},"28":{"start":{"line":157,"column":2},"end":{"line":157,"column":74}},"29":{"start":{"line":160,"column":0},"end":{"line":160,"column":19}},"30":{"start":{"line":164,"column":0},"end":{"line":205,"column":1}},"31":{"start":{"line":165,"column":2},"end":{"line":203,"column":3}},"32":{"start":{"line":166,"column":4},"end":{"line":166,"column":34}},"33":{"start":{"line":169,"column":4},"end":{"line":180,"column":7}},"34":{"start":{"line":170,"column":6},"end":{"line":179,"column":7}},"35":{"start":{"line":171,"column":8},"end":{"line":176,"column":9}},"36":{"start":{"line":172,"column":10},"end":{"line":172,"column":19}},"37":{"start":{"line":173,"column":10},"end":{"line":173,"column":26}},"38":{"start":{"line":175,"column":10},"end":{"line":175,"column":46}},"39":{"start":{"line":178,"column":8},"end":{"line":178,"column":25}},"40":{"start":{"line":181,"column":4},"end":{"line":183,"column":61}},"41":{"start":{"line":186,"column":4},"end":{"line":186,"column":16}},"42":{"start":{"line":189,"column":4},"end":{"line":189,"column":18}},"43":{"start":{"line":192,"column":4},"end":{"line":192,"column":54}},"44":{"start":{"line":194,"column":4},"end":{"line":194,"column":57}},"45":{"start":{"line":197,"column":4},"end":{"line":197,"column":57}},"46":{"start":{"line":200,"column":4},"end":{"line":200,"column":62}},"47":{"start":{"line":202,"column":4},"end":{"line":202,"column":25}},"48":{"start":{"line":204,"column":2},"end":{"line":204,"column":16}},"49":{"start":{"line":207,"column":0},"end":{"line":216,"column":1}},"50":{"start":{"line":208,"column":2},"end":{"line":208,"column":17}},"51":{"start":{"line":210,"column":2},"end":{"line":210,"column":17}},"52":{"start":{"line":211,"column":2},"end":{"line":211,"column":18}},"53":{"start":{"line":212,"column":2},"end":{"line":212,"column":25}},"54":{"start":{"line":213,"column":2},"end":{"line":213,"column":16}},"55":{"start":{"line":214,"column":2},"end":{"line":214,"column":36}},"56":{"start":{"line":215,"column":2},"end":{"line":215,"column":14}},"57":{"start":{"line":218,"column":0},"end":{"line":218,"column":19}},"58":{"start":{"line":227,"column":0},"end":{"line":248,"column":1}},"59":{"start":{"line":229,"column":2},"end":{"line":229,"column":35}},"60":{"start":{"line":232,"column":2},"end":{"line":235,"column":3}},"61":{"start":{"line":234,"column":4},"end":{"line":234,"column":92}},"62":{"start":{"line":237,"column":2},"end":{"line":237,"column":9}},"63":{"start":{"line":238,"column":2},"end":{"line":238,"column":19}},"64":{"start":{"line":240,"column":2},"end":{"line":240,"column":42}},"65":{"start":{"line":242,"column":2},"end":{"line":245,"column":3}},"66":{"start":{"line":243,"column":4},"end":{"line":243,"column":35}},"67":{"start":{"line":244,"column":4},"end":{"line":244,"column":26}},"68":{"start":{"line":247,"column":2},"end":{"line":247,"column":13}},"69":{"start":{"line":258,"column":0},"end":{"line":279,"column":2}},"70":{"start":{"line":259,"column":2},"end":{"line":259,"column":29}},"71":{"start":{"line":261,"column":2},"end":{"line":278,"column":3}},"72":{"start":{"line":262,"column":4},"end":{"line":269,"column":5}},"73":{"start":{"line":263,"column":6},"end":{"line":268,"column":7}},"74":{"start":{"line":264,"column":8},"end":{"line":264,"column":44}},"75":{"start":{"line":266,"column":8},"end":{"line":266,"column":55}},"76":{"start":{"line":267,"column":8},"end":{"line":267,"column":66}},"77":{"start":{"line":271,"column":4},"end":{"line":273,"column":5}},"78":{"start":{"line":272,"column":6},"end":{"line":272,"column":30}},"79":{"start":{"line":274,"column":4},"end":{"line":276,"column":5}},"80":{"start":{"line":275,"column":6},"end":{"line":275,"column":26}}},"branchMap":{"1":{"line":24,"type":"if","locations":[{"start":{"line":24,"column":0},"end":{"line":24,"column":0}},{"start":{"line":24,"column":0},"end":{"line":24,"column":0}}]},"2":{"line":62,"type":"binary-expr","locations":[{"start":{"line":62,"column":23},"end":{"line":62,"column":46}},{"start":{"line":62,"column":50},"end":{"line":62,"column":71}},{"start":{"line":62,"column":75},"end":{"line":62,"column":88}}]},"3":{"line":79,"type":"if","locations":[{"start":{"line":79,"column":4},"end":{"line":79,"column":4}},{"start":{"line":79,"column":4},"end":{"line":79,"column":4}}]},"4":{"line":157,"type":"binary-expr","locations":[{"start":{"line":157,"column":9},"end":{"line":157,"column":23}},{"start":{"line":157,"column":28},"end":{"line":157,"column":72}}]},"5":{"line":165,"type":"if","locations":[{"start":{"line":165,"column":2},"end":{"line":165,"column":2}},{"start":{"line":165,"column":2},"end":{"line":165,"column":2}}]},"6":{"line":170,"type":"if","locations":[{"start":{"line":170,"column":6},"end":{"line":170,"column":6}},{"start":{"line":170,"column":6},"end":{"line":170,"column":6}}]},"7":{"line":181,"type":"cond-expr","locations":[{"start":{"line":182,"column":21},"end":{"line":182,"column":53}},{"start":{"line":182,"column":54},"end":{"line":183,"column":59}}]},"8":{"line":182,"type":"cond-expr","locations":[{"start":{"line":183,"column":22},"end":{"line":183,"column":56}},{"start":{"line":183,"column":57},"end":{"line":183,"column":59}}]},"9":{"line":232,"type":"if","locations":[{"start":{"line":232,"column":2},"end":{"line":232,"column":2}},{"start":{"line":232,"column":2},"end":{"line":232,"column":2}}]},"10":{"line":242,"type":"if","locations":[{"start":{"line":242,"column":2},"end":{"line":242,"column":2}},{"start":{"line":242,"column":2},"end":{"line":242,"column":2}}]},"11":{"line":261,"type":"if","locations":[{"start":{"line":261,"column":2},"end":{"line":261,"column":2}},{"start":{"line":261,"column":2},"end":{"line":261,"column":2}}]},"12":{"line":262,"type":"if","locations":[{"start":{"line":262,"column":4},"end":{"line":262,"column":4}},{"start":{"line":262,"column":4},"end":{"line":262,"column":4}}]},"13":{"line":263,"type":"if","locations":[{"start":{"line":263,"column":6},"end":{"line":263,"column":6}},{"start":{"line":263,"column":6},"end":{"line":263,"column":6}}]},"14":{"line":271,"type":"if","locations":[{"start":{"line":271,"column":4},"end":{"line":271,"column":4}},{"start":{"line":271,"column":4},"end":{"line":271,"column":4}}]},"15":{"line":274,"type":"if","locations":[{"start":{"line":274,"column":4},"end":{"line":274,"column":4}},{"start":{"line":274,"column":4},"end":{"line":274,"column":4}}]}},"code":["// SocketStream 0.5","// ----------------","'use strict';","","require('colors');","","var EventEmitter2 = require('eventemitter2').EventEmitter2,","    debug = require('debug')('socketstream');","","/*"," * @ngdoc overview"," * @name socketstream"," * @description"," * Public Module for Socketstream"," */","","// Get current version from package.json","var version = exports.version = require('./utils/file').loadPackageJSON().version;","","// Set root path of your project","var root = exports.root = process.cwd().replace(/\\\\/g, '/'); // replace '\\' with '/' to support Windows","","// Warn if attempting to start without a cwd (e.g. through upstart script)","if (root === '/') {","  throw new Error('You must change into the project directory before starting your SocketStream app');","}","","/**"," * @ngdoc overview"," * @name ss"," * @description"," * It reflects a similar API to the client API."," *"," * Internal API object which is passed to sub-modules and can be used within your app."," * Use with caution."," *"," * To access it without it being passed `var ss = require('socketstream').api;`"," *"," * @type {{version: *, root: *, env: string, log: (*|exports), session: exports, add: Function}}"," */","var api = exports.api = {","","  /**","   * @ngdoc property","   * @name ss.version","   * @returns {number} major.minor","   */","  version: version,","  /**","   * @ngdoc property","   * @name ss.root","   * @description","   * By default the project root is the current working directory","   * @returns {string} Project root","   */","  root: root,","  /**","   * @ngdoc property","   * @name ss.env","   * @returns {string} Execution environment type. To change set environment variable `NODE_ENV` or `SS_ENV`. 'development' by default.","   */","  env: (exports.env = (process.env['NODE_ENV'] || process.env['SS_ENV'] || 'development').toLowerCase()),","","  log: require('./utils/log'),","","  // loading http, client and ws","  load: load,","  unload: unload,","","  /**","   * @ngdoc function","   * @name ss.add","   * @param {string} name - Key in the `ss` API.","   * @param {function|number|boolean|string} fn - value or function","   * @description","   * Call from your app to safely extend the 'ss' internal API object passed through to your /server code","   */","  add: function(name, fn) {","    if (api[name]) {","      throw new Error('Unable to register internal API extension \\'' + name + '\\' as this name has already been taken');","    } else {","      api[name] = fn;","      return true;","    }","  }","};","","/**"," * Internal API for loading bundler plugins."," */","api.require = require('./utils/require')(api);","","/**"," * @ngdoc service"," * @name events"," * @description"," * Internal Event bus."," *"," * Note: only used by the ss-console module for now. This idea will be expended upon in SocketStream 0.4"," *"," * 'server:start' is emitted when the server starts. If in production the assets will be saved before the event."," */","exports.events = api.events = new EventEmitter2();","","// Session & Session Store","exports.session = api.session = require('./session')(api);","","// Publish Events","var publish = exports.publish = require('./publish')();","","// HTTP","var http = exports.http = api.http = require('./http')(api);","","// Client Asset Manager","var client = exports.client = require('./client')(api).init();","exports.livereload = api.livereload = client.livereload;","","// Tasks for Orchestrator","var tasks = exports.tasks = require('./tasks')(api, client.options);","","// This is an experimental API, expect changes","exports.task = api.task = tasks.add;","api.defaultTask = tasks.defaultTask;","","/**"," * @ngdoc service"," * @name ss.client:client"," * @function"," *"," * @description"," * Allow other libs to send assets to the client"," */","//","api.client = {send: client.assets.send, dirs: client.dirs};","","/**"," * @ngdoc service"," * @name ss.server:server"," *"," * @description"," * Server parts used while running"," */","api.server = {}; // used in tasks","","// Incoming Request Responders","exports.responders = require('./request/index')(api);","","// Websocket Layer (transport, message responders, transmit incoming events)","var ws = exports.ws = require('./websocket/index')(api);","","// Only one instance of the server can be started at once","var serverInstance = null; //TODO enforce the one server instance in tasks","","// In the future the server will just be a middleware to use","// Ensure server can only be started once","exports.start = function() {","  return serverInstance || (serverInstance = start.apply(null,arguments));","};","","var loaded = false;","","//TODO reload function that replaces API with virgin one.","//TODO server/client API tracker in RPC","function load() {","  if (!loaded) {","    var addons = [], skipped = [];","","    // load addon modules","    api.require.forEach(['socketstream-*','socketstream.*'],function(mod,id) {","      if (typeof mod === 'function') {","        try {","          mod(api);","          addons.push(id);","        } catch(ex) {","          debug('Failed to load '+id+'. ',ex);","        }","      } else {","        skipped.push(id);","      }","    });","    debug('Addons: '+","      addons.length? addons.join(' + ') + ' Loaded. ':' None. '+","      skipped.length? skipped.join(' + ') + ' Skipped. ':'');","","    // load assets in cache","    http.load();","","    // Load Client Asset Manager","    client.load();","","    // Load internal and project responders","    api.server.responders = exports.responders.load();","","    api.server.eventTransport = publish.transport.load();","","    // Extend the internal API with a publish object you can call from your own server-side code","    api.publish = publish.api(api.server.eventTransport);","","    // Bind responders to websocket","    ws.load(api.server.responders, api.server.eventTransport);","","    debug('API loaded.');","  }","  loaded = true;","}","","function unload() {","  loaded = false;","","  tasks.unload();","  client.unload();","  client.assets.unload();","  http.unload();","  api.server.responders = undefined;","  ws.unload();","}","","var exitRegistered;","","/**"," * @ngdoc function"," * @name start"," * @param {HTTPServer} server Instance of the server from the http module"," * @description"," * Starts the development or production server"," */","function start() {","","  var plan = tasks.plan(arguments);","","  // Hook in streaming if called with HTTP server","  if (plan.httpServer) {","    // depr","    api.log.error('The API has changed you can no longer create the HTTP server yourself.');","  }","","  load();","  tasks.defaults();","","  tasks.start(plan.targets,plan.callback);","","  if (!exitRegistered) {","    process.on('exit', api.unload);","    exitRegistered = true;","  }","","  return api;","}","","/**"," * @ngdoc function"," * @name set"," * @param {String} where Path in settings or '*'"," * @param {String|Object} what Value for setting or object when using star."," * @description"," * Overrides settings for root/client/server."," */","exports.set = function(where,what) {","  var path = require('path');","","  if (where === '*') {","    if (what.root) {","      if (path.isAbsolute(what.root)) {","        exports.root = api.root = what.root;","      } else {","        var scriptBase = path.dirname(process.argv[1]);","        exports.root = api.root = path.join(scriptBase,what.root);","      }","    }","","    if (what.client) {","      client.set(what.client);","    }","    if (what.http) {","      http.set(what.http);","    }","    //TODO vars, locals remembered as fallbacks","  }","};",""],"l":{"5":1,"7":1,"18":1,"21":1,"24":1,"25":0,"41":1,"79":0,"80":0,"82":0,"83":0,"91":1,"103":1,"106":1,"109":1,"112":1,"115":1,"116":1,"119":1,"122":1,"123":1,"134":1,"143":1,"146":1,"149":1,"152":1,"156":1,"157":0,"160":1,"164":1,"165":0,"166":0,"169":0,"170":0,"171":0,"172":0,"173":0,"175":0,"178":0,"181":0,"186":0,"189":0,"192":0,"194":0,"197":0,"200":0,"202":0,"204":0,"207":1,"208":0,"210":0,"211":0,"212":0,"213":0,"214":0,"215":0,"218":1,"227":1,"229":0,"232":0,"234":0,"237":0,"238":0,"240":0,"242":0,"243":0,"244":0,"247":0,"258":1,"259":0,"261":0,"262":0,"263":0,"264":0,"266":0,"267":0,"271":0,"272":0,"274":0,"275":0}},"/home/travis/build/npmtest/node-npmtest-socketstream/node_modules/socketstream/lib/utils/file.js":{"path":"/home/travis/build/npmtest/node-npmtest-socketstream/node_modules/socketstream/lib/utils/file.js","s":{"1":1,"2":1,"3":2,"4":1,"5":2,"6":2,"7":0,"8":2,"9":0,"10":0,"11":0,"12":0,"13":2,"14":2,"15":2,"16":2,"17":2,"18":1,"19":1,"20":1,"21":1,"22":1,"23":1,"24":1,"25":2,"26":2,"27":0,"28":1,"29":0,"30":0,"31":0,"32":1,"33":1,"34":1,"35":0,"36":1,"37":0,"38":1,"39":0,"40":0,"41":0,"42":0},"b":{"1":[0,2],"2":[0,2],"3":[2,0],"4":[2,0],"5":[1,0],"6":[0,0],"7":[0,0],"8":[0,0]},"f":{"1":2,"2":2,"3":1,"4":1,"5":0,"6":0,"7":0},"fnMap":{"1":{"name":"isHidden","line":30,"loc":{"start":{"line":30,"column":0},"end":{"line":30,"column":24}}},"2":{"name":"isDir","line":41,"loc":{"start":{"line":41,"column":0},"end":{"line":41,"column":31}}},"3":{"name":"(anonymous_3)","line":82,"loc":{"start":{"line":82,"column":22},"end":{"line":82,"column":38}}},"4":{"name":"(anonymous_4)","line":128,"loc":{"start":{"line":128,"column":26},"end":{"line":128,"column":37}}},"5":{"name":"(anonymous_5)","line":147,"loc":{"start":{"line":147,"column":16},"end":{"line":147,"column":35}}},"6":{"name":"(anonymous_6)","line":169,"loc":{"start":{"line":169,"column":29},"end":{"line":169,"column":48}}},"7":{"name":"(anonymous_7)","line":174,"loc":{"start":{"line":174,"column":25},"end":{"line":174,"column":40}}}},"statementMap":{"1":{"start":{"line":21,"column":0},"end":{"line":22,"column":27}},"2":{"start":{"line":30,"column":0},"end":{"line":32,"column":1}},"3":{"start":{"line":31,"column":4},"end":{"line":31,"column":37}},"4":{"start":{"line":41,"column":0},"end":{"line":69,"column":1}},"5":{"start":{"line":42,"column":4},"end":{"line":45,"column":18}},"6":{"start":{"line":47,"column":4},"end":{"line":49,"column":5}},"7":{"start":{"line":48,"column":8},"end":{"line":48,"column":38}},"8":{"start":{"line":51,"column":4},"end":{"line":67,"column":5}},"9":{"start":{"line":52,"column":8},"end":{"line":52,"column":33}},"10":{"start":{"line":55,"column":8},"end":{"line":55,"column":51}},"11":{"start":{"line":56,"column":8},"end":{"line":56,"column":51}},"12":{"start":{"line":57,"column":8},"end":{"line":57,"column":53}},"13":{"start":{"line":61,"column":8},"end":{"line":61,"column":40}},"14":{"start":{"line":62,"column":8},"end":{"line":62,"column":55}},"15":{"start":{"line":64,"column":8},"end":{"line":66,"column":9}},"16":{"start":{"line":65,"column":12},"end":{"line":65,"column":38}},"17":{"start":{"line":68,"column":4},"end":{"line":68,"column":17}},"18":{"start":{"line":82,"column":0},"end":{"line":115,"column":2}},"19":{"start":{"line":83,"column":4},"end":{"line":87,"column":13}},"20":{"start":{"line":89,"column":4},"end":{"line":114,"column":5}},"21":{"start":{"line":91,"column":8},"end":{"line":91,"column":34}},"22":{"start":{"line":94,"column":8},"end":{"line":105,"column":9}},"23":{"start":{"line":95,"column":12},"end":{"line":95,"column":49}},"24":{"start":{"line":97,"column":12},"end":{"line":102,"column":13}},"25":{"start":{"line":99,"column":16},"end":{"line":99,"column":73}},"26":{"start":{"line":101,"column":16},"end":{"line":101,"column":46}},"27":{"start":{"line":104,"column":12},"end":{"line":104,"column":72}},"28":{"start":{"line":106,"column":8},"end":{"line":106,"column":21}},"29":{"start":{"line":110,"column":8},"end":{"line":112,"column":9}},"30":{"start":{"line":111,"column":12},"end":{"line":111,"column":22}},"31":{"start":{"line":113,"column":8},"end":{"line":113,"column":21}},"32":{"start":{"line":128,"column":0},"end":{"line":134,"column":2}},"33":{"start":{"line":129,"column":4},"end":{"line":133,"column":5}},"34":{"start":{"line":130,"column":8},"end":{"line":130,"column":78}},"35":{"start":{"line":132,"column":8},"end":{"line":132,"column":83}},"36":{"start":{"line":147,"column":0},"end":{"line":149,"column":2}},"37":{"start":{"line":148,"column":4},"end":{"line":148,"column":47}},"38":{"start":{"line":169,"column":0},"end":{"line":178,"column":2}},"39":{"start":{"line":170,"column":4},"end":{"line":172,"column":51}},"40":{"start":{"line":174,"column":4},"end":{"line":176,"column":7}},"41":{"start":{"line":175,"column":8},"end":{"line":175,"column":63}},"42":{"start":{"line":177,"column":4},"end":{"line":177,"column":63}}},"branchMap":{"1":{"line":47,"type":"if","locations":[{"start":{"line":47,"column":4},"end":{"line":47,"column":4}},{"start":{"line":47,"column":4},"end":{"line":47,"column":4}}]},"2":{"line":51,"type":"if","locations":[{"start":{"line":51,"column":4},"end":{"line":51,"column":4}},{"start":{"line":51,"column":4},"end":{"line":51,"column":4}}]},"3":{"line":51,"type":"binary-expr","locations":[{"start":{"line":51,"column":8},"end":{"line":51,"column":26}},{"start":{"line":51,"column":30},"end":{"line":51,"column":74}}]},"4":{"line":64,"type":"if","locations":[{"start":{"line":64,"column":8},"end":{"line":64,"column":8}},{"start":{"line":64,"column":8},"end":{"line":64,"column":8}}]},"5":{"line":94,"type":"if","locations":[{"start":{"line":94,"column":8},"end":{"line":94,"column":8}},{"start":{"line":94,"column":8},"end":{"line":94,"column":8}}]},"6":{"line":110,"type":"if","locations":[{"start":{"line":110,"column":8},"end":{"line":110,"column":8}},{"start":{"line":110,"column":8},"end":{"line":110,"column":8}}]},"7":{"line":175,"type":"binary-expr","locations":[{"start":{"line":175,"column":15},"end":{"line":175,"column":40}},{"start":{"line":175,"column":44},"end":{"line":175,"column":62}}]},"8":{"line":177,"type":"cond-expr","locations":[{"start":{"line":177,"column":26},"end":{"line":177,"column":55}},{"start":{"line":177,"column":58},"end":{"line":177,"column":62}}]}},"code":["'use strict';","","/**"," * @ngdoc service"," * @name utils"," * @function"," *"," * @description"," * Contains utils modules for working with file system and some additional helpers"," */","","/**"," * @ngdoc service"," * @name utils.file:file"," * @function"," *"," * @description"," * This is used to maintain lists of userIds to socketIds and channelIds to socketIds"," */","","var fs = require('fs'),","    path = require('path');","","/**"," * Identifies if the path is hidden"," *"," * @param  {String}  path"," * @return {Boolean}"," */","function isHidden(path) {","    return path.match(/(^_|^\\.|~$)/);","}","","/**"," * Identifies if the path is directory"," *"," * @param  {String}  abspath   Absolute path, should be already have replaced '\\' with '/' to support Windows"," * @param  {Object}  found     Object: {dirs: [], files: [] }, contains information about directory's files and subdirectories"," * @return {Object}            Updated 'found' object"," */","function isDir(abspath, found) {","    var stat       = fs.statSync(abspath),","        abspathAry = abspath.split('/'),","        data,","        file_name;","","    if (!found) {","        found = {dirs: [], files: [] }","    }","","    if (stat.isDirectory() && !isHidden(abspathAry[abspathAry.length - 1])) {","        found.dirs.push(abspath);","","        /* If we found a directory, recurse! */","        data        = exports.readDirSync(abspath);","        found.dirs  = found.dirs.concat(data.dirs);","        found.files = found.files.concat(data.files);","","    } else {","","        abspathAry = abspath.split('/');","        file_name  = abspathAry[abspathAry.length - 1];","","        if (!isHidden(file_name)) {","            found.files.push(abspath);","        }","    }","    return found;","}","","/**"," * @ngdoc service"," * @name utils.file#readDirSync"," * @methodOf utils.file:file"," * @function"," *"," * @description"," * Reads the contents of a dir. Adapted from https://gist.github.com/825583"," *"," * @param {String} start Directory absolute path to lookup"," */","exports.readDirSync = function(start) {","    var stat,","        found = {dirs: [], files: [] },","        files,","        abspath,","        x, l;","","    try {","        /* Use lstat to resolve symlink if we are passed a symlink */","        stat = fs.lstatSync(start)","","        /* Read through all the files in this directory */","        if (stat.isDirectory()) {","            files = fs.readdirSync(start).sort();","","            for (x = 0, l = files.length; x < l; x++) {","                /* replace '\\' with '/' to support Windows */","                abspath = path.join(start, files[x]).replace(/\\\\/g, '/');","","                found = isDir(abspath, found);","            }","        } else {","            throw (new Error('path: ' + start + ' is not a directory'));","        }","        return found;","","    } catch (e) {","        /* Ignore if optional dirs are missing */","        if (e.code !== 'ENOENT') {","            throw (e);","        }","        return false;","    }","};","","/**"," * @ngdoc service"," * @name utils.file#loadPackageJSON"," * @methodOf utils.file:file"," * @function"," *"," * @description"," * Loads SocketStream's package.json file from the root directory"," *"," * @return {Object|Error} JSON object or thorws an eror if unable to find or parse SocketStream's package.json file"," */","exports.loadPackageJSON = function() {","    try {","        return JSON.parse(fs.readFileSync(__dirname + '/../../package.json'));","    } catch (e) {","        throw ('Error: Unable to find or parse SocketStream\\'s package.json file');","    }","};","","/**"," * @ngdoc service"," * @name utils.file#isDir"," * @methodOf utils.file:file"," * @function"," *"," * @description"," * In synchronous mode returns if givven `filePath` is directory or not"," *"," * @return {Boolean} TRUE if givven `filePath` is dorectory"," */","exports.isDir = function(filePath) {","    return fs.statSync(filePath).isDirectory();","};","","/**"," * @ngdoc service"," * @name utils.file#findExtForBasePath"," * @methodOf utils.file:file"," * @function"," *"," * @description"," * Given a basename, find a matching file with an extension."," *"," * @example:"," * <pre>"," *   findExtForBase('views/main')       => '.jade'"," *   findExtForBase('css/i-dont-exist') => null"," * </pre>"," *"," * @param {Object} basepath Path to directory"," * @returns {Array|null} Array of files or `null`"," */","exports.findExtForBasePath = function(basepath) {","    var files = fs.readdirSync(path.join(basepath, '..')),","        basename = path.basename(basepath),","        basenameRegex = new RegExp('^' + basename);","","    files = files.filter(function(file) {","        return file.match(basenameRegex) && path.extname(file);","    });","    return files.length ? path.extname(files.sort()[0]) : null;","};"],"l":{"21":1,"30":1,"31":2,"41":1,"42":2,"47":2,"48":0,"51":2,"52":0,"55":0,"56":0,"57":0,"61":2,"62":2,"64":2,"65":2,"68":2,"82":1,"83":1,"89":1,"91":1,"94":1,"95":1,"97":1,"99":2,"101":2,"104":0,"106":1,"110":0,"111":0,"113":0,"128":1,"129":1,"130":1,"132":0,"147":1,"148":0,"169":1,"170":0,"174":0,"175":0,"177":0}},"/home/travis/build/npmtest/node-npmtest-socketstream/node_modules/socketstream/lib/utils/log.js":{"path":"/home/travis/build/npmtest/no
[...]
"line":83,"column":15}},"28":{"start":{"line":87,"column":12},"end":{"line":95,"column":15}},"29":{"start":{"line":88,"column":16},"end":{"line":92,"column":17}},"30":{"start":{"line":89,"column":20},"end":{"line":89,"column":85}},"31":{"start":{"line":90,"column":20},"end":{"line":90,"column":37}},"32":{"start":{"line":91,"column":20},"end":{"line":91,"column":63}},"33":{"start":{"line":94,"column":16},"end":{"line":94,"column":28}}},"branchMap":{"1":{"line":8,"type":"if","locations":[{"start":{"line":8,"column":4},"end":{"line":8,"column":4}},{"start":{"line":8,"column":4},"end":{"line":8,"column":4}}]},"2":{"line":22,"type":"binary-expr","locations":[{"start":{"line":22,"column":60},"end":{"line":22,"column":68}},{"start":{"line":22,"column":70},"end":{"line":22,"column":73}}]},"3":{"line":22,"type":"binary-expr","locations":[{"start":{"line":22,"column":80},"end":{"line":22,"column":88}},{"start":{"line":22,"column":90},"end":{"line":22,"column":93}}]},"4":{"line":22,"type":"binary-expr","locations":[{"start":{"line":22,"column":100},"end":{"line":22,"column":109}},{"start":{"line":22,"column":111},"end":{"line":22,"column":114}}]},"5":{"line":37,"type":"if","locations":[{"start":{"line":37,"column":4},"end":{"line":37,"column":4}},{"start":{"line":37,"column":4},"end":{"line":37,"column":4}}]},"6":{"line":60,"type":"if","locations":[{"start":{"line":60,"column":12},"end":{"line":60,"column":12}},{"start":{"line":60,"column":12},"end":{"line":60,"column":12}}]},"7":{"line":88,"type":"if","locations":[{"start":{"line":88,"column":16},"end":{"line":88,"column":16}},{"start":{"line":88,"column":16},"end":{"line":88,"column":16}}]}},"code":["'use strict';","","var fs = require('fs'),","    pathlib = require('path'),","    _prependedLess;","","exports.prependLess = function(prependedLess) {","    if(typeof prependedLess === 'string') {","        _prependedLess = prependedLess;","    }","};","","function errorBodyStyling(root,path, err) {","    path = path.replace(root,'');","    var filename = err.filename.replace(root,'');","    var r = [","        'body:before {',","        'display:block;',","        'position:absolute;',","        'top:15px; left:20px; right:20px;',","        'z-index: 10000;',","        'content:\"Error compiling LESS file: '+path+' at '+(filename||'?')+' '+(err.line||'?')+':'+(err.index||'?')+'   '+err.message+'\";',","        'border: 1px solid #888;',","        'border-radius: 5px;',","        'background-color: rgba(255,255,255,.5);',","        'background-color: white;',","        'padding: 10px 15px;',","        '}'","    ];","    return r.join('\\n');","}","","exports.decidePaths = function decidePaths(path, options) {","","    var p = [ pathlib.dirname(path) ];","    //TODO by default we should add the ss.root to paths at end","    if (options.paths) {","        p = p.concat(options.paths);","    }","    return p;","};","","// root and config are passed as arguments, but are not used","//","module.exports = function (ss,config) {","","    var less = ss.require('less');","","    return {","","        name: 'Less',","        extensions: ['less'],","        assetType: 'css',","        contentType: 'text/css',","","        compile: function(path, options, cb) {","","            var input = fs.readFileSync(path, 'utf8');","","            if(_prependedLess) {","                input = _prependedLess + '\\n' + input;","            }","            var opts = {};","            for(var n in config) { opts[n] = config[n]; }","            opts.filename = path;","            opts.paths = exports.decidePaths(path, config);","            opts.compress = options.compress;","","            less.logger.addListener({","                //TODO passing along log output","                debug: function(/*msg*/) {","","                },","                info: function(/*msg*/) {","","                },","                warn: function(/*msg*/) {","","                },","                error: function(/*msg*/) {","","                }","            });","            ","            //TODO it seems less still blows up on some path errors, is there a way to catch them?","","            less.render(input, opts, function(err, out) {","                if (err) {","                    console.log('! - Unable to compile Less file %s into CSS', path);","                    console.log(err);","                    return cb(errorBodyStyling(ss, path, err));","                }","                //TODO out.map","                cb(out.css);","            });","        }","    };","};"],"l":{"3":1,"7":1,"8":0,"9":0,"13":1,"14":0,"15":0,"16":0,"30":0,"33":1,"35":0,"37":0,"38":0,"40":0,"45":1,"47":0,"49":0,"58":0,"60":0,"61":0,"63":0,"64":0,"65":0,"66":0,"67":0,"69":0,"87":0,"88":0,"89":0,"90":0,"91":0,"94":0}},"/home/travis/build/npmtest/node-npmtest-socketstream/node_modules/socketstream/lib/client/formatters/sass.js":{"path":"/home/travis/build/npmtest/node-npmtest-socketstream/node_modules/socketstream/lib/client/formatters/sass.js","s":{"1":1,"2":1,"3":0,"4":0,"5":0,"6":0,"7":0,"8":0,"9":0,"10":0,"11":0,"12":0,"13":0,"14":0,"15":0,"16":0},"b":{"1":[0,0],"2":[0,0],"3":[0,0],"4":[0,0],"5":[0,0]},"f":{"1":0,"2":0,"3":0},"fnMap":{"1":{"name":"(anonymous_1)","line":6,"loc":{"start":{"line":6,"column":17},"end":{"line":6,"column":53}}},"2":{"name":"(anonymous_2)","line":23,"loc":{"start":{"line":23,"column":13},"end":{"line":23,"column":56}}},"3":{"name":"(anonymous_3)","line":37,"loc":{"start":{"line":37,"column":24},"end":{"line":37,"column":46}}}},"statementMap":{"1":{"start":{"line":3,"column":0},"end":{"line":4,"column":36}},"2":{"start":{"line":6,"column":0},"end":{"line":48,"column":2}},"3":{"start":{"line":8,"column":2},"end":{"line":9,"column":47}},"4":{"start":{"line":11,"column":2},"end":{"line":11,"column":18}},"5":{"start":{"line":13,"column":2},"end":{"line":47,"column":4}},"6":{"start":{"line":25,"column":6},"end":{"line":28,"column":8}},"7":{"start":{"line":29,"column":6},"end":{"line":33,"column":7}},"8":{"start":{"line":30,"column":8},"end":{"line":32,"column":9}},"9":{"start":{"line":31,"column":10},"end":{"line":31,"column":41}},"10":{"start":{"line":34,"column":6},"end":{"line":34,"column":50}},"11":{"start":{"line":35,"column":6},"end":{"line":35,"column":65}},"12":{"start":{"line":37,"column":6},"end":{"line":45,"column":9}},"13":{"start":{"line":38,"column":8},"end":{"line":41,"column":9}},"14":{"start":{"line":39,"column":10},"end":{"line":39,"column":26}},"15":{"start":{"line":40,"column":10},"end":{"line":40,"column":28}},"16":{"start":{"line":42,"column":8},"end":{"line":42,"column":39}}},"branchMap":{"1":{"line":30,"type":"if","locations":[{"start":{"line":30,"column":8},"end":{"line":30,"column":8}},{"start":{"line":30,"column":8},"end":{"line":30,"column":8}}]},"2":{"line":31,"type":"binary-expr","locations":[{"start":{"line":31,"column":20},"end":{"line":31,"column":29}},{"start":{"line":31,"column":33},"end":{"line":31,"column":40}}]},"3":{"line":34,"type":"binary-expr","locations":[{"start":{"line":34,"column":20},"end":{"line":34,"column":31}},{"start":{"line":34,"column":35},"end":{"line":34,"column":49}}]},"4":{"line":35,"type":"cond-expr","locations":[{"start":{"line":35,"column":43},"end":{"line":35,"column":55}},{"start":{"line":35,"column":56},"end":{"line":35,"column":64}}]},"5":{"line":38,"type":"if","locations":[{"start":{"line":38,"column":8},"end":{"line":38,"column":8}},{"start":{"line":38,"column":8},"end":{"line":38,"column":8}}]}},"code":["'use strict';","","var path = require('path'),","    findup = require('findup-sync');","","module.exports = function(ss, config, clientOptions) {","","  var sass = ss.require('node-sass'),","      modulesPath = [ findup('node_modules') ]; //TODO get real npm and bower package locations","","  console.log(  );","","  return {","","    name: 'Sass',","","    extensions: ['sass', 'scss'],","","    assetType: 'css',","","    contentType: 'text/css',","","    compile: function(srcPath, options, success, error) {","","      var opts = {","        file: srcPath,","        includePaths: modulesPath.concat([ path.join(ss.root, clientOptions.dirs.client) ])","      };","      for(var n in config) {","        if (n !== 'file') {","          opts[n] = config[n] || opts[n];","        }","      }","      opts.locals = opts.locals || options.locals;","      opts.outputStyle = options.compress? \"compressed\":\"nested\";","","      sass.render(opts, function(err, result) {","        if (err) {","          console.log(err)","          return error(err);","        }","        success(result.css.toString());","        //TODO result.stats print","        //TODO result.map.toString","      });","    }","  };","};",""],"l":{"3":1,"6":1,"8":0,"11":0,"13":0,"25":0,"29":0,"30":0,"31":0,"34":0,"35":0,"37":0,"38":0,"39":0,"40":0,"42":0}},"/home/travis/build/npmtest/node-npmtest-socketstream/node_modules/socketstream/lib/client/template_engines/angular.js":{"path":"/home/travis/build/npmtest/node-npmtest-socketstream/node_modules/socketstream/lib/client/template_engines/angular.js","s":{"1":1,"2":0,"3":0},"b":{},"f":{"1":0,"2":0},"fnMap":{"1":{"name":"(anonymous_1)","line":6,"loc":{"start":{"line":6,"column":15},"end":{"line":6,"column":26}}},"2":{"name":"(anonymous_2)","line":9,"loc":{"start":{"line":9,"column":13},"end":{"line":9,"column":42}}}},"statementMap":{"1":{"start":{"line":6,"column":0},"end":{"line":13,"column":2}},"2":{"start":{"line":7,"column":2},"end":{"line":12,"column":4}},"3":{"start":{"line":10,"column":6},"end":{"line":10,"column":94}}},"branchMap":{},"code":["// Produces inline templates for Angular.js","// Use them in conjunction with `ng-view`. Note the `.html` at the end of each template name which is automatically appended","","'use strict';","","exports.init = function() {","  return {","    name: 'Angular.js',","    process: function(template, path, id) {","      return '<script type=\"text/ng-template\" id=\"' + id + '.html\">' + template + '</script>';","    }","  };","};",""],"l":{"6":1,"7":0,"10":0}},"/home/travis/build/npmtest/node-npmtest-socketstream/node_modules/socketstream/lib/client/template_engines/ember.js":{"path":"/home/travis/build/npmtest/node-npmtest-socketstream/node_modules/socketstream/lib/client/template_engines/ember.js","s":{"1":1,"2":0,"3":0},"b":{},"f":{"1":0,"2":0},"fnMap":{"1":{"name":"(anonymous_1)","line":5,"loc":{"start":{"line":5,"column":15},"end":{"line":5,"column":26}}},"2":{"name":"(anonymous_2)","line":8,"loc":{"start":{"line":8,"column":13},"end":{"line":8,"column":42}}}},"statementMap":{"1":{"start":{"line":5,"column":0},"end":{"line":12,"column":2}},"2":{"start":{"line":6,"column":2},"end":{"line":11,"column":4}},"3":{"start":{"line":9,"column":6},"end":{"line":9,"column":106}}},"branchMap":{},"code":["// Produces templates for Ember.js","// Note Ember compiles these Handlebars templates one time only when you call Em.Application.create();","'use strict';","","exports.init = function() {","  return {","    name: 'Ember.js',","    process: function(template, path, id) {","      return '<script type=\"text/x-handlebars\" data-template-name=\"' + id + '\">' + template + '</script>';","    }","  };","};",""],"l":{"5":1,"6":0,"9":0}},"/home/travis/build/npmtest/node-npmtest-socketstream/node_modules/socketstream/lib/publish/transports/internal.js":{"path":"/home/travis/build/npmtest/node-npmtest-socketstream/node_modules/socketstream/lib/publish/transports/internal.js","s":{"1":1,"2":1,"3":1,"4":1,"5":0,"6":0,"7":0},"b":{},"f":{"1":0,"2":0,"3":0},"fnMap":{"1":{"name":"(anonymous_1)","line":10,"loc":{"start":{"line":10,"column":17},"end":{"line":10,"column":28}}},"2":{"name":"(anonymous_2)","line":12,"loc":{"start":{"line":12,"column":12},"end":{"line":12,"column":25}}},"3":{"name":"(anonymous_3)","line":15,"loc":{"start":{"line":15,"column":10},"end":{"line":15,"column":24}}}},"statementMap":{"1":{"start":{"line":4,"column":0},"end":{"line":4,"column":27}},"2":{"start":{"line":6,"column":0},"end":{"line":6,"column":55}},"3":{"start":{"line":8,"column":0},"end":{"line":8,"column":30}},"4":{"start":{"line":10,"column":0},"end":{"line":19,"column":2}},"5":{"start":{"line":11,"column":2},"end":{"line":18,"column":4}},"6":{"start":{"line":13,"column":6},"end":{"line":13,"column":37}},"7":{"start":{"line":16,"column":6},"end":{"line":16,"column":40}}},"branchMap":{},"code":["// Publish Event - Internal EventEmitter Transport","'use strict';","","var EventEmitter2, emitter;","","EventEmitter2 = require('eventemitter2').EventEmitter2;","","emitter = new EventEmitter2();","","module.exports = function() {","  return {","    listen: function(cb) {","      return emitter.on('event', cb);","    },","    send: function(obj) {","      return emitter.emit('event', obj);","    }","  };","};",""],"l":{"4":1,"6":1,"8":1,"10":1,"11":0,"13":0,"16":0}},"/home/travis/build/npmtest/node-npmtest-socketstream/node_modules/socketstream/lib/publish/transports/redis.js":{"path":"/home/travis/build/npmtest/node-npmtest-socketstream/node_modules/socketstream/lib/publish/transports/redis.js","s":{"1":1,"2":1,"3":0,"4":0,"5":0,"6":0,"7":0,"8":0,"9":0,"10":0,"11":0,"12":0,"13":0,"14":0,"15":0,"16":0,"17":0,"18":0,"19":0,"20":0,"21":0,"22":0},"b":{"1":[0,0],"2":[0,0],"3":[0,0],"4":[0,0],"5":[0,0],"6":[0,0]},"f":{"1":0,"2":0,"3":0,"4":0,"5":0},"fnMap":{"1":{"name":"(anonymous_1)","line":6,"loc":{"start":{"line":6,"column":17},"end":{"line":6,"column":34}}},"2":{"name":"(anonymous_2)","line":19,"loc":{"start":{"line":19,"column":25},"end":{"line":19,"column":40}}},"3":{"name":"(anonymous_3)","line":29,"loc":{"start":{"line":29,"column":12},"end":{"line":29,"column":25}}},"4":{"name":"(anonymous_4)","line":31,"loc":{"start":{"line":31,"column":36},"end":{"line":31,"column":59}}},"5":{"name":"(anonymous_5)","line":35,"loc":{"start":{"line":35,"column":10},"end":{"line":35,"column":24}}}},"statementMap":{"1":{"start":{"line":4,"column":0},"end":{"line":4,"column":29}},"2":{"start":{"line":6,"column":0},"end":{"line":41,"column":2}},"3":{"start":{"line":7,"column":2},"end":{"line":7,"column":32}},"4":{"start":{"line":8,"column":2},"end":{"line":10,"column":3}},"5":{"start":{"line":9,"column":4},"end":{"line":9,"column":16}},"6":{"start":{"line":13,"column":2},"end":{"line":13,"column":29}},"7":{"start":{"line":14,"column":2},"end":{"line":14,"column":36}},"8":{"start":{"line":15,"column":2},"end":{"line":15,"column":33}},"9":{"start":{"line":18,"column":2},"end":{"line":18,"column":12}},"10":{"start":{"line":19,"column":2},"end":{"line":27,"column":5}},"11":{"start":{"line":20,"column":4},"end":{"line":20,"column":57}},"12":{"start":{"line":21,"column":4},"end":{"line":23,"column":5}},"13":{"start":{"line":22,"column":6},"end":{"line":22,"column":35}},"14":{"start":{"line":24,"column":4},"end":{"line":26,"column":5}},"15":{"start":{"line":25,"column":6},"end":{"line":25,"column":42}},"16":{"start":{"line":28,"column":2},"end":{"line":40,"column":4}},"17":{"start":{"line":30,"column":6},"end":{"line":30,"column":37}},"18":{"start":{"line":31,"column":6},"end":{"line":33,"column":9}},"19":{"start":{"line":32,"column":8},"end":{"line":32,"column":35}},"20":{"start":{"line":36,"column":6},"end":{"line":36,"column":14}},"21":{"start":{"line":37,"column":6},"end":{"line":37,"column":32}},"22":{"start":{"line":38,"column":6},"end":{"line":38,"column":47}}},"branchMap":{"1":{"line":8,"type":"if","locations":[{"start":{"line":8,"column":2},"end":{"line":8,"column":2}},{"start":{"line":8,"column":2},"end":{"line":8,"column":2}}]},"2":{"line":13,"type":"binary-expr","locations":[{"start":{"line":13,"column":9},"end":{"line":13,"column":20}},{"start":{"line":13,"column":24},"end":{"line":13,"column":28}}]},"3":{"line":14,"type":"binary-expr","locations":[{"start":{"line":14,"column":9},"end":{"line":14,"column":20}},{"start":{"line":14,"column":24},"end":{"line":14,"column":35}}]},"4":{"line":15,"type":"binary-expr","locations":[{"start":{"line":15,"column":12},"end":{"line":15,"column":26}},{"start":{"line":15,"column":30},"end":{"line":15,"column":32}}]},"5":{"line":21,"type":"if","locations":[{"start":{"line":21,"column":4},"end":{"line":21,"column":4}},{"start":{"line":21,"column":4},"end":{"line":21,"column":4}}]},"6":{"line":24,"type":"if","locations":[{"start":{"line":24,"column":4},"end":{"line":24,"column":4}},{"start":{"line":24,"column":4},"end":{"line":24,"column":4}}]}},"code":["// Publish Event - Redis Transport","'use strict';","","var redis = require('redis'); //TODO ss.require('redis')","","module.exports = function(config) {","  var conn, host, options, port;","  if (!config) {","    config = {};","  }","","  // Set options or use the defaults  ","  port = config.port || 6379;","  host = config.host || '127.0.0.1';","  options = config.options || {};","","  // Redis requires a separate connection for pub/sub  ","  conn = {};","  ['pub', 'sub'].forEach(function(name) {","    conn[name] = redis.createClient(port, host, options);","    if (config.pass) {","      conn[name].auth(config.pass);","    }","    if (config.db) {","      return conn[name].select(config.db);","    }","  });","  return {","    listen: function(cb) {","      conn.sub.subscribe('ss:event');","      return conn.sub.on('message', function(channel, msg) {","        return cb(JSON.parse(msg));","      });","    },","    send: function(obj) {","      var msg;","      msg = JSON.stringify(obj);","      return conn.pub.publish('ss:event', msg);","    }","  };","};",""],"l":{"4":1,"6":1,"7":0,"8":0,"9":0,"13":0,"14":0,"15":0,"18":0,"19":0,"20":0,"21":0,"22":0,"24":0,"25":0,"28":0,"30":0,"31":0,"32":0,"36":0,"37":0,"38":0}},"/home/travis/build/npmtest/node-npmtest-socketstream/node_modules/socketstream/new_project/server/rpc/demo.js":{"path":"/home/travis/build/npmtest/node-npmtest-socketstream/node_modules/socketstream/new_project/server/rpc/demo.js","s":{"1":1,"2":0,"3":0,"4":0,"5":0,"6":0,"7":0},"b":{"1":[0,0],"2":[0,0]},"f":{"1":0,"2":0},"fnMap":{"1":{"name":"(anonymous_1)","line":5,"loc":{"start":{"line":5,"column":18},"end":{"line":5,"column":41}}},"2":{"name":"(anonymous_2)","line":15,"loc":{"start":{"line":15,"column":17},"end":{"line":15,"column":35}}}},"statementMap":{"1":{"start":{"line":5,"column":0},"end":{"line":26,"column":2}},"2":{"start":{"line":8,"column":2},"end":{"line":8,"column":21}},"3":{"start":{"line":13,"column":2},"end":{"line":24,"column":4}},"4":{"start":{"line":16,"column":6},"end":{"line":21,"column":7}},"5":{"start":{"line":17,"column":8},"end":{"line":17,"column":46}},"6":{"start":{"line":18,"column":8},"end":{"line":18,"column":25}},"7":{"start":{"line":20,"column":8},"end":{"line":20,"column":26}}},"branchMap":{"1":{"line":16,"type":"if","locations":[{"start":{"line":16,"column":6},"end":{"line":16,"column":6}},{"start":{"line":16,"column":6},"end":{"line":16,"column":6}}]},"2":{"line":16,"type":"binary-expr","locations":[{"start":{"line":16,"column":10},"end":{"line":16,"column":17}},{"start":{"line":16,"column":21},"end":{"line":16,"column":39}}]}},"code":["'use strict';","// Server-side Code","","// Define actions which can be called from the client using ss.rpc('demo.ACTIONNAME', param1, param2...)","exports.actions = function(req, res, ss) {","","  // Example of pre-loading sessions into req.session using internal middleware","  req.use('session');","","  // Uncomment line below to use the middleware defined in server/middleware/example","  //req.use('example.authenticated')","","  return {","","    sendMessage: function(message) {","      if (message && message.length > 0) {         // Check for blank messages","        ss.publish.all('newMessage', message);     // Broadcast the message to everyone","        return res(true);                          // Confirm it was sent to the originating client","      } else {","        return res(false);","      }","    }","","  };","","};"],"l":{"5":1,"8":0,"13":0,"16":0,"17":0,"18":0,"20":0}}}